2026-04-08 16:08:34,210 - optuna.storages._in_memory - INFO - A new study created in memory with name: xgb_tuning
2026-04-08 16:08:34,414 - optuna.study.study - INFO - Trial 0 finished with value: 0.9984313725490196 and parameters: {'max_depth': 5, 'min_child_weight': 3, 'gamma': 1.5, 'lambda': 1.5, 'alpha': 0.1, 'learning_rate': 0.06207090305742937, 'subsample': 0.7, 'colsample_bytree': 1.0, 'n_estimators': 220}. Best is trial 0 with value: 0.9984313725490196.
2026-04-08 16:08:34,669 - optuna.study.study - INFO - Trial 1 finished with value: 0.9976470588235294 and parameters: {'max_depth': 7, 'min_child_weight': 1, 'gamma': 2.0, 'lambda': 2.0, 'alpha': 0.2, 'learning_rate': 0.06433385005697079, 'subsample': 0.7, 'colsample_bytree': 0.7999999999999999, 'n_estimators': 205}. Best is trial 0 with value: 0.9984313725490196.
2026-04-08 16:08:34,862 - optuna.study.study - INFO - Trial 2 finished with value: 0.9992156862745099 and parameters: {'max_depth': 6, 'min_child_weight': 1, 'gamma': 1.5, 'lambda': 0.5, 'alpha': 0.30000000000000004, 'learning_rate': 0.08308867100591956, 'subsample': 0.7999999999999999, 'colsample_bytree': 1.0, 'n_estimators': 140}. Best is trial 2 with value: 0.9992156862745099.
2026-04-08 16:08:35,201 - optuna.study.study - INFO - Trial 3 finished with value: 0.9992156862745099 and parameters: {'max_depth': 6, 'min_child_weight': 2, 'gamma': 0.0, 'lambda': 1.5, 'alpha': 0.1, 'learning_rate': 0.054718598564940636, 'subsample': 1.0, 'colsample_bytree': 1.0, 'n_estimators': 262}. Best is trial 2 with value: 0.9992156862745099.
2026-04-08 16:08:35,385 - optuna.study.study - INFO - Trial 4 finished with value: 0.9992156862745099 and parameters: {'max_depth': 5, 'min_child_weight': 1, 'gamma': 1.5, 'lambda': 1.0, 'alpha': 0.1, 'learning_rate': 0.09933360807331099, 'subsample': 0.7, 'colsample_bytree': 1.0, 'n_estimators': 152}. Best is trial 2 with value: 0.9992156862745099.
2026-04-08 16:08:35,703 - optuna.study.study - INFO - Trial 5 finished with value: 0.9992156862745099 and parameters: {'max_depth': 7, 'min_child_weight': 1, 'gamma': 1.0, 'lambda': 1.5, 'alpha': 0.2, 'learning_rate': 0.1917423814021637, 'subsample': 1.0, 'colsample_bytree': 1.0, 'n_estimators': 279}. Best is trial 2 with value: 0.9992156862745099.
2026-04-08 16:08:35,812 - optuna.study._optimize - INFO - Trial 6 pruned. Trial was pruned at iteration 2.
2026-04-08 16:08:35,914 - optuna.study._optimize - INFO - Trial 7 pruned. Trial was pruned at iteration 2.
2026-04-08 16:08:36,012 - optuna.study._optimize - INFO - Trial 8 pruned. Trial was pruned at iteration 0.
2026-04-08 16:08:36,107 - optuna.study._optimize - INFO - Trial 9 pruned. Trial was pruned at iteration 0.
2026-04-08 16:08:36,231 - optuna.study._optimize - INFO - Trial 10 pruned. Trial was pruned at iteration 1.
2026-04-08 16:08:36,353 - optuna.study._optimize - INFO - Trial 11 pruned. Trial was pruned at iteration 1.
2026-04-08 16:08:36,476 - optuna.study._optimize - INFO - Trial 12 pruned. Trial was pruned at iteration 4.
2026-04-08 16:08:36,596 - optuna.study._optimize - INFO - Trial 13 pruned. Trial was pruned at iteration 2.
2026-04-08 16:08:36,716 - optuna.study._optimize - INFO - Trial 14 pruned. Trial was pruned at iteration 1.
2026-04-08 16:08:36,836 - optuna.study._optimize - INFO - Trial 15 pruned. Trial was pruned at iteration 1.
2026-04-08 16:08:36,958 - optuna.study._optimize - INFO - Trial 16 pruned. Trial was pruned at iteration 1.
2026-04-08 16:08:37,083 - optuna.study._optimize - INFO - Trial 17 pruned. Trial was pruned at iteration 2.
2026-04-08 16:08:37,210 - optuna.study._optimize - INFO - Trial 18 pruned. Trial was pruned at iteration 2.
2026-04-08 16:08:37,333 - optuna.study._optimize - INFO - Trial 19 pruned. Trial was pruned at iteration 0.
2026-04-08 16:08:37,456 - optuna.study._optimize - INFO - Trial 20 pruned. Trial was pruned at iteration 0.
2026-04-08 16:08:37,584 - optuna.study._optimize - INFO - Trial 21 pruned. Trial was pruned at iteration 1.
2026-04-08 16:08:37,710 - optuna.study._optimize - INFO - Trial 22 pruned. Trial was pruned at iteration 1.
2026-04-08 16:08:37,835 - optuna.study._optimize - INFO - Trial 23 pruned. Trial was pruned at iteration 1.
2026-04-08 16:08:37,964 - optuna.study._optimize - INFO - Trial 24 pruned. Trial was pruned at iteration 2.
2026-04-08 16:08:38,093 - optuna.study._optimize - INFO - Trial 25 pruned. Trial was pruned at iteration 1.
2026-04-08 16:08:38,224 - optuna.study._optimize - INFO - Trial 26 pruned. Trial was pruned at iteration 1.
2026-04-08 16:08:38,344 - optuna.study._optimize - INFO - Trial 27 pruned. Trial was pruned at iteration 1.
2026-04-08 16:08:38,462 - optuna.study._optimize - INFO - Trial 28 pruned. Trial was pruned at iteration 4.
2026-04-08 16:08:38,584 - optuna.study._optimize - INFO - Trial 29 pruned. Trial was pruned at iteration 0.
2026-04-08 16:08:38,716 - optuna.study._optimize - INFO - Trial 30 pruned. Trial was pruned at iteration 5.
2026-04-08 16:08:39,057 - optuna.study.study - INFO - Trial 31 finished with value: 0.9992156862745099 and parameters: {'max_depth': 7, 'min_child_weight': 1, 'gamma': 1.0, 'lambda': 1.5, 'alpha': 0.2, 'learning_rate': 0.19952467476784014, 'subsample': 1.0, 'colsample_bytree': 1.0, 'n_estimators': 276}. Best is trial 2 with value: 0.9992156862745099.
2026-04-08 16:08:39,451 - optuna.study.study - INFO - Trial 32 finished with value: 0.9992156862745099 and parameters: {'max_depth': 8, 'min_child_weight': 1, 'gamma': 0.0, 'lambda': 1.5, 'alpha': 0.2, 'learning_rate': 0.19920017467921025, 'subsample': 1.0, 'colsample_bytree': 1.0, 'n_estimators': 287}. Best is trial 2 with value: 0.9992156862745099.
2026-04-08 16:08:39,565 - optuna.study._optimize - INFO - Trial 33 pruned. Trial was pruned at iteration 1.
2026-04-08 16:08:39,682 - optuna.study._optimize - INFO - Trial 34 pruned. Trial was pruned at iteration 1.
2026-04-08 16:08:39,806 - optuna.study._optimize - INFO - Trial 35 pruned. Trial was pruned at iteration 2.
2026-04-08 16:08:39,922 - optuna.study._optimize - INFO - Trial 36 pruned. Trial was pruned at iteration 1.
2026-04-08 16:08:40,036 - optuna.study._optimize - INFO - Trial 37 pruned. Trial was pruned at iteration 1.
2026-04-08 16:08:40,150 - optuna.study._optimize - INFO - Trial 38 pruned. Trial was pruned at iteration 0.
2026-04-08 16:08:40,269 - optuna.study._optimize - INFO - Trial 39 pruned. Trial was pruned at iteration 1.
2026-04-08 16:08:40,383 - optuna.study._optimize - INFO - Trial 40 pruned. Trial was pruned at iteration 0.
2026-04-08 16:08:40,709 - optuna.study.study - INFO - Trial 41 finished with value: 0.9992156862745099 and parameters: {'max_depth': 7, 'min_child_weight': 1, 'gamma': 1.0, 'lambda': 1.5, 'alpha': 0.2, 'learning_rate': 0.18879767072677278, 'subsample': 1.0, 'colsample_bytree': 1.0, 'n_estimators': 268}. Best is trial 2 with value: 0.9992156862745099.
2026-04-08 16:08:40,829 - optuna.study._optimize - INFO - Trial 42 pruned. Trial was pruned at iteration 5.
2026-04-08 16:08:40,947 - optuna.study._optimize - INFO - Trial 43 pruned. Trial was pruned at iteration 1.
2026-04-08 16:08:41,269 - optuna.study.study - INFO - Trial 44 finished with value: 0.9992156862745099 and parameters: {'max_depth': 8, 'min_child_weight': 1, 'gamma': 0.5, 'lambda': 1.5, 'alpha': 0.0, 'learning_rate': 0.1996774938096363, 'subsample': 1.0, 'colsample_bytree': 1.0, 'n_estimators': 258}. Best is trial 2 with value: 0.9992156862745099.
2026-04-08 16:08:41,384 - optuna.study._optimize - INFO - Trial 45 pruned. Trial was pruned at iteration 1.
2026-04-08 16:08:41,698 - optuna.study.study - INFO - Trial 46 finished with value: 0.9992156862745099 and parameters: {'max_depth': 6, 'min_child_weight': 1, 'gamma': 0.5, 'lambda': 1.5, 'alpha': 0.4, 'learning_rate': 0.1745881067793509, 'subsample': 1.0, 'colsample_bytree': 1.0, 'n_estimators': 243}. Best is trial 2 with value: 0.9992156862745099.
2026-04-08 16:08:41,814 - optuna.study._optimize - INFO - Trial 47 pruned. Trial was pruned at iteration 1.
2026-04-08 16:08:41,930 - optuna.study._optimize - INFO - Trial 48 pruned. Trial was pruned at iteration 1.
2026-04-08 16:08:42,045 - optuna.study._optimize - INFO - Trial 49 pruned. Trial was pruned at iteration 1.
