2026-04-08 16:11:36,186 - optuna.storages._in_memory - INFO - A new study created in memory with name: xgb_tuning
2026-04-08 16:11:36,467 - optuna.study.study - INFO - Trial 0 finished with value: 0.9984313725490196 and parameters: {'max_depth': 5, 'min_child_weight': 3, 'gamma': 1.5, 'lambda': 1.5, 'alpha': 0.1, 'learning_rate': 0.06207090305742937, 'subsample': 0.7, 'colsample_bytree': 1.0, 'n_estimators': 220}. Best is trial 0 with value: 0.9984313725490196.
2026-04-08 16:11:36,718 - optuna.study.study - INFO - Trial 1 finished with value: 0.9976470588235294 and parameters: {'max_depth': 7, 'min_child_weight': 1, 'gamma': 2.0, 'lambda': 2.0, 'alpha': 0.2, 'learning_rate': 0.06433385005697079, 'subsample': 0.7, 'colsample_bytree': 0.7999999999999999, 'n_estimators': 205}. Best is trial 0 with value: 0.9984313725490196.
2026-04-08 16:11:36,932 - optuna.study.study - INFO - Trial 2 finished with value: 0.9992156862745099 and parameters: {'max_depth': 6, 'min_child_weight': 1, 'gamma': 1.5, 'lambda': 0.5, 'alpha': 0.30000000000000004, 'learning_rate': 0.08308867100591956, 'subsample': 0.7999999999999999, 'colsample_bytree': 1.0, 'n_estimators': 140}. Best is trial 2 with value: 0.9992156862745099.
2026-04-08 16:11:37,253 - optuna.study.study - INFO - Trial 3 finished with value: 0.9992156862745099 and parameters: {'max_depth': 6, 'min_child_weight': 2, 'gamma': 0.0, 'lambda': 1.5, 'alpha': 0.1, 'learning_rate': 0.054718598564940636, 'subsample': 1.0, 'colsample_bytree': 1.0, 'n_estimators': 262}. Best is trial 2 with value: 0.9992156862745099.
2026-04-08 16:11:37,460 - optuna.study.study - INFO - Trial 4 finished with value: 0.9992156862745099 and parameters: {'max_depth': 5, 'min_child_weight': 1, 'gamma': 1.5, 'lambda': 1.0, 'alpha': 0.1, 'learning_rate': 0.09933360807331099, 'subsample': 0.7, 'colsample_bytree': 1.0, 'n_estimators': 152}. Best is trial 2 with value: 0.9992156862745099.
2026-04-08 16:11:37,822 - optuna.study.study - INFO - Trial 5 finished with value: 0.9992156862745099 and parameters: {'max_depth': 7, 'min_child_weight': 1, 'gamma': 1.0, 'lambda': 1.5, 'alpha': 0.2, 'learning_rate': 0.1917423814021637, 'subsample': 1.0, 'colsample_bytree': 1.0, 'n_estimators': 279}. Best is trial 2 with value: 0.9992156862745099.
2026-04-08 16:11:37,922 - optuna.study._optimize - INFO - Trial 6 pruned. Trial was pruned at iteration 2.
2026-04-08 16:11:38,023 - optuna.study._optimize - INFO - Trial 7 pruned. Trial was pruned at iteration 2.
2026-04-08 16:11:38,121 - optuna.study._optimize - INFO - Trial 8 pruned. Trial was pruned at iteration 0.
2026-04-08 16:11:38,219 - optuna.study._optimize - INFO - Trial 9 pruned. Trial was pruned at iteration 0.
2026-04-08 16:11:38,362 - optuna.study._optimize - INFO - Trial 10 pruned. Trial was pruned at iteration 1.
2026-04-08 16:11:38,489 - optuna.study._optimize - INFO - Trial 11 pruned. Trial was pruned at iteration 1.
2026-04-08 16:11:38,617 - optuna.study._optimize - INFO - Trial 12 pruned. Trial was pruned at iteration 4.
2026-04-08 16:11:38,743 - optuna.study._optimize - INFO - Trial 13 pruned. Trial was pruned at iteration 2.
2026-04-08 16:11:38,872 - optuna.study._optimize - INFO - Trial 14 pruned. Trial was pruned at iteration 1.
2026-04-08 16:11:38,999 - optuna.study._optimize - INFO - Trial 15 pruned. Trial was pruned at iteration 1.
2026-04-08 16:11:39,127 - optuna.study._optimize - INFO - Trial 16 pruned. Trial was pruned at iteration 1.
2026-04-08 16:11:39,254 - optuna.study._optimize - INFO - Trial 17 pruned. Trial was pruned at iteration 2.
2026-04-08 16:11:39,384 - optuna.study._optimize - INFO - Trial 18 pruned. Trial was pruned at iteration 2.
2026-04-08 16:11:39,506 - optuna.study._optimize - INFO - Trial 19 pruned. Trial was pruned at iteration 0.
2026-04-08 16:11:39,630 - optuna.study._optimize - INFO - Trial 20 pruned. Trial was pruned at iteration 0.
2026-04-08 16:11:39,765 - optuna.study._optimize - INFO - Trial 21 pruned. Trial was pruned at iteration 1.
2026-04-08 16:11:39,895 - optuna.study._optimize - INFO - Trial 22 pruned. Trial was pruned at iteration 1.
2026-04-08 16:11:40,024 - optuna.study._optimize - INFO - Trial 23 pruned. Trial was pruned at iteration 1.
2026-04-08 16:11:40,150 - optuna.study._optimize - INFO - Trial 24 pruned. Trial was pruned at iteration 2.
2026-04-08 16:11:40,285 - optuna.study._optimize - INFO - Trial 25 pruned. Trial was pruned at iteration 1.
2026-04-08 16:11:40,419 - optuna.study._optimize - INFO - Trial 26 pruned. Trial was pruned at iteration 1.
2026-04-08 16:11:40,548 - optuna.study._optimize - INFO - Trial 27 pruned. Trial was pruned at iteration 1.
2026-04-08 16:11:40,681 - optuna.study._optimize - INFO - Trial 28 pruned. Trial was pruned at iteration 4.
2026-04-08 16:11:40,809 - optuna.study._optimize - INFO - Trial 29 pruned. Trial was pruned at iteration 0.
2026-04-08 16:11:40,948 - optuna.study._optimize - INFO - Trial 30 pruned. Trial was pruned at iteration 5.
2026-04-08 16:11:41,334 - optuna.study.study - INFO - Trial 31 finished with value: 0.9992156862745099 and parameters: {'max_depth': 7, 'min_child_weight': 1, 'gamma': 1.0, 'lambda': 1.5, 'alpha': 0.2, 'learning_rate': 0.19952467476784014, 'subsample': 1.0, 'colsample_bytree': 1.0, 'n_estimators': 276}. Best is trial 2 with value: 0.9992156862745099.
2026-04-08 16:11:41,775 - optuna.study.study - INFO - Trial 32 finished with value: 0.9992156862745099 and parameters: {'max_depth': 8, 'min_child_weight': 1, 'gamma': 0.0, 'lambda': 1.5, 'alpha': 0.2, 'learning_rate': 0.19920017467921025, 'subsample': 1.0, 'colsample_bytree': 1.0, 'n_estimators': 287}. Best is trial 2 with value: 0.9992156862745099.
2026-04-08 16:11:41,905 - optuna.study._optimize - INFO - Trial 33 pruned. Trial was pruned at iteration 1.
2026-04-08 16:11:42,030 - optuna.study._optimize - INFO - Trial 34 pruned. Trial was pruned at iteration 1.
2026-04-08 16:11:42,159 - optuna.study._optimize - INFO - Trial 35 pruned. Trial was pruned at iteration 2.
2026-04-08 16:11:42,287 - optuna.study._optimize - INFO - Trial 36 pruned. Trial was pruned at iteration 1.
2026-04-08 16:11:42,411 - optuna.study._optimize - INFO - Trial 37 pruned. Trial was pruned at iteration 1.
2026-04-08 16:11:42,531 - optuna.study._optimize - INFO - Trial 38 pruned. Trial was pruned at iteration 0.
2026-04-08 16:11:42,650 - optuna.study._optimize - INFO - Trial 39 pruned. Trial was pruned at iteration 1.
2026-04-08 16:11:42,765 - optuna.study._optimize - INFO - Trial 40 pruned. Trial was pruned at iteration 0.
2026-04-08 16:11:43,085 - optuna.study.study - INFO - Trial 41 finished with value: 0.9992156862745099 and parameters: {'max_depth': 7, 'min_child_weight': 1, 'gamma': 1.0, 'lambda': 1.5, 'alpha': 0.2, 'learning_rate': 0.18879767072677278, 'subsample': 1.0, 'colsample_bytree': 1.0, 'n_estimators': 268}. Best is trial 2 with value: 0.9992156862745099.
2026-04-08 16:11:43,209 - optuna.study._optimize - INFO - Trial 42 pruned. Trial was pruned at iteration 5.
2026-04-08 16:11:43,328 - optuna.study._optimize - INFO - Trial 43 pruned. Trial was pruned at iteration 1.
2026-04-08 16:11:43,642 - optuna.study.study - INFO - Trial 44 finished with value: 0.9992156862745099 and parameters: {'max_depth': 8, 'min_child_weight': 1, 'gamma': 0.5, 'lambda': 1.5, 'alpha': 0.0, 'learning_rate': 0.1996774938096363, 'subsample': 1.0, 'colsample_bytree': 1.0, 'n_estimators': 258}. Best is trial 2 with value: 0.9992156862745099.
2026-04-08 16:11:43,761 - optuna.study._optimize - INFO - Trial 45 pruned. Trial was pruned at iteration 1.
2026-04-08 16:11:44,088 - optuna.study.study - INFO - Trial 46 finished with value: 0.9992156862745099 and parameters: {'max_depth': 6, 'min_child_weight': 1, 'gamma': 0.5, 'lambda': 1.5, 'alpha': 0.4, 'learning_rate': 0.1745881067793509, 'subsample': 1.0, 'colsample_bytree': 1.0, 'n_estimators': 243}. Best is trial 2 with value: 0.9992156862745099.
2026-04-08 16:11:44,207 - optuna.study._optimize - INFO - Trial 47 pruned. Trial was pruned at iteration 1.
2026-04-08 16:11:44,325 - optuna.study._optimize - INFO - Trial 48 pruned. Trial was pruned at iteration 1.
2026-04-08 16:11:44,442 - optuna.study._optimize - INFO - Trial 49 pruned. Trial was pruned at iteration 1.
