2026-04-08 15:09:48,558 - optuna.storages._in_memory - INFO - A new study created in memory with name: xgb_tuning
2026-04-08 15:10:26,106 - optuna.study.study - INFO - Trial 0 finished with value: 0.9894394693200663 and parameters: {'max_depth': 5, 'min_child_weight': 3, 'gamma': 1.5, 'lambda': 1.5, 'alpha': 0.1, 'learning_rate': 0.06207090305742937, 'n_estimators': 100, 'subsample': 1.0, 'colsample_bytree': 0.8999999999999999, 'scale_pos_weight': 11}. Best is trial 0 with value: 0.9894394693200663.
2026-04-08 15:11:01,368 - optuna.study.study - INFO - Trial 1 finished with value: 0.9864107241569929 and parameters: {'max_depth': 4, 'min_child_weight': 3, 'gamma': 2.0, 'lambda': 0.5, 'alpha': 0.2, 'learning_rate': 0.06447487694793648, 'n_estimators': 150, 'subsample': 0.8999999999999999, 'colsample_bytree': 0.7999999999999999, 'scale_pos_weight': 5}. Best is trial 0 with value: 0.9894394693200663.
2026-04-08 15:11:31,780 - optuna.study.study - INFO - Trial 2 finished with value: 0.9860864197530864 and parameters: {'max_depth': 7, 'min_child_weight': 1, 'gamma': 0.5, 'lambda': 1.0, 'alpha': 0.5, 'learning_rate': 0.1484885740998741, 'n_estimators': 100, 'subsample': 0.8999999999999999, 'colsample_bytree': 0.8999999999999999, 'scale_pos_weight': 1}. Best is trial 0 with value: 0.9894394693200663.
2026-04-08 15:12:04,469 - optuna.study.study - INFO - Trial 3 finished with value: 0.9916161783674221 and parameters: {'max_depth': 7, 'min_child_weight': 1, 'gamma': 0.0, 'lambda': 2.0, 'alpha': 1.0, 'learning_rate': 0.15334644233752534, 'n_estimators': 150, 'subsample': 0.7, 'colsample_bytree': 0.8999999999999999, 'scale_pos_weight': 7}. Best is trial 3 with value: 0.9916161783674221.
2026-04-08 15:12:48,804 - optuna.study.study - INFO - Trial 4 finished with value: 0.9866450156624286 and parameters: {'max_depth': 4, 'min_child_weight': 2, 'gamma': 0.0, 'lambda': 2.0, 'alpha': 0.2, 'learning_rate': 0.12527031373763467, 'n_estimators': 150, 'subsample': 0.8999999999999999, 'colsample_bytree': 0.8999999999999999, 'scale_pos_weight': 3}. Best is trial 3 with value: 0.9916161783674221.
2026-04-08 15:13:23,884 - optuna.study.study - INFO - Trial 5 finished with value: 0.9851594803758982 and parameters: {'max_depth': 8, 'min_child_weight': 3, 'gamma': 2.0, 'lambda': 2.0, 'alpha': 0.6000000000000001, 'learning_rate': 0.1794707171745402, 'n_estimators': 100, 'subsample': 0.7, 'colsample_bytree': 0.7, 'scale_pos_weight': 5}. Best is trial 3 with value: 0.9916161783674221.
2026-04-08 15:13:59,921 - optuna.study.study - INFO - Trial 6 finished with value: 0.9899044591855537 and parameters: {'max_depth': 5, 'min_child_weight': 1, 'gamma': 2.0, 'lambda': 1.0, 'alpha': 0.30000000000000004, 'learning_rate': 0.10609761062226211, 'n_estimators': 100, 'subsample': 1.0, 'colsample_bytree': 0.7, 'scale_pos_weight': 15}. Best is trial 3 with value: 0.9916161783674221.
2026-04-08 15:14:41,600 - optuna.study.study - INFO - Trial 7 finished with value: 0.9893322277501382 and parameters: {'max_depth': 7, 'min_child_weight': 1, 'gamma': 0.0, 'lambda': 2.0, 'alpha': 0.7000000000000001, 'learning_rate': 0.13736498833410252, 'n_estimators': 250, 'subsample': 0.7, 'colsample_bytree': 0.7999999999999999, 'scale_pos_weight': 2}. Best is trial 3 with value: 0.9916161783674221.
2026-04-08 15:15:20,644 - optuna.study.study - INFO - Trial 8 finished with value: 0.9855197162336464 and parameters: {'max_depth': 8, 'min_child_weight': 2, 'gamma': 0.5, 'lambda': 0.5, 'alpha': 0.30000000000000004, 'learning_rate': 0.07847835160981076, 'n_estimators': 250, 'subsample': 0.8999999999999999, 'colsample_bytree': 1.0, 'scale_pos_weight': 8}. Best is trial 3 with value: 0.9916161783674221.
2026-04-08 15:16:02,131 - optuna.study.study - INFO - Trial 9 finished with value: 0.9852890178735949 and parameters: {'max_depth': 4, 'min_child_weight': 3, 'gamma': 1.5, 'lambda': 1.5, 'alpha': 0.8, 'learning_rate': 0.09914357541190696, 'n_estimators': 200, 'subsample': 0.7999999999999999, 'colsample_bytree': 0.7, 'scale_pos_weight': 2}. Best is trial 3 with value: 0.9916161783674221.
2026-04-08 15:16:38,129 - optuna.study.study - INFO - Trial 10 finished with value: 0.9860257048092869 and parameters: {'max_depth': 6, 'min_child_weight': 1, 'gamma': 0.5, 'lambda': 1.5, 'alpha': 1.0, 'learning_rate': 0.17597001178148583, 'n_estimators': 300, 'subsample': 0.7999999999999999, 'colsample_bytree': 1.0, 'scale_pos_weight': 10}. Best is trial 3 with value: 0.9916161783674221.
2026-04-08 15:17:07,975 - optuna.study.study - INFO - Trial 11 finished with value: 0.9885772986917264 and parameters: {'max_depth': 6, 'min_child_weight': 2, 'gamma': 1.0, 'lambda': 1.0, 'alpha': 0.4, 'learning_rate': 0.10596830587784817, 'n_estimators': 150, 'subsample': 1.0, 'colsample_bytree': 0.7999999999999999, 'scale_pos_weight': 15}. Best is trial 3 with value: 0.9916161783674221.
2026-04-08 15:17:50,055 - optuna.study.study - INFO - Trial 12 finished with value: 0.9858283582089552 and parameters: {'max_depth': 6, 'min_child_weight': 1, 'gamma': 1.5, 'lambda': 1.0, 'alpha': 1.0, 'learning_rate': 0.09350535109798125, 'n_estimators': 150, 'subsample': 0.7, 'colsample_bytree': 0.7, 'scale_pos_weight': 15}. Best is trial 3 with value: 0.9916161783674221.
2026-04-08 15:18:49,132 - optuna.study.study - INFO - Trial 13 finished with value: 0.986920766537682 and parameters: {'max_depth': 5, 'min_child_weight': 1, 'gamma': 1.0, 'lambda': 1.0, 'alpha': 0.8, 'learning_rate': 0.19757234685751993, 'n_estimators': 200, 'subsample': 0.7999999999999999, 'colsample_bytree': 0.8999999999999999, 'scale_pos_weight': 12}. Best is trial 3 with value: 0.9916161783674221.
2026-04-08 15:19:46,807 - optuna.study.study - INFO - Trial 14 finished with value: 0.9895649530127141 and parameters: {'max_depth': 7, 'min_child_weight': 1, 'gamma': 2.0, 'lambda': 1.5, 'alpha': 0.4, 'learning_rate': 0.12018033125545588, 'n_estimators': 100, 'subsample': 1.0, 'colsample_bytree': 0.7999999999999999, 'scale_pos_weight': 8}. Best is trial 3 with value: 0.9916161783674221.
2026-04-08 15:20:20,609 - optuna.study.study - INFO - Trial 15 finished with value: 0.9880278238437443 and parameters: {'max_depth': 5, 'min_child_weight': 2, 'gamma': 0.0, 'lambda': 0.5, 'alpha': 0.0, 'learning_rate': 0.05147083644835715, 'n_estimators': 150, 'subsample': 0.7999999999999999, 'colsample_bytree': 1.0, 'scale_pos_weight': 7}. Best is trial 3 with value: 0.9916161783674221.
2026-04-08 15:20:53,710 - optuna.study.study - INFO - Trial 16 finished with value: 0.9888014556845401 and parameters: {'max_depth': 7, 'min_child_weight': 1, 'gamma': 1.0, 'lambda': 2.0, 'alpha': 0.6000000000000001, 'learning_rate': 0.14731317699357327, 'n_estimators': 100, 'subsample': 1.0, 'colsample_bytree': 0.7, 'scale_pos_weight': 13}. Best is trial 3 with value: 0.9916161783674221.
2026-04-08 15:21:28,163 - optuna.study.study - INFO - Trial 17 finished with value: 0.9852809102634975 and parameters: {'max_depth': 5, 'min_child_weight': 2, 'gamma': 0.5, 'lambda': 1.5, 'alpha': 0.9, 'learning_rate': 0.08439219669085116, 'n_estimators': 200, 'subsample': 0.7, 'colsample_bytree': 0.7999999999999999, 'scale_pos_weight': 9}. Best is trial 3 with value: 0.9916161783674221.
2026-04-08 15:22:02,590 - optuna.study.study - INFO - Trial 18 finished with value: 0.9865731527547448 and parameters: {'max_depth': 8, 'min_child_weight': 1, 'gamma': 1.5, 'lambda': 1.0, 'alpha': 0.4, 'learning_rate': 0.1143950619683112, 'n_estimators': 150, 'subsample': 0.8999999999999999, 'colsample_bytree': 0.8999999999999999, 'scale_pos_weight': 6}. Best is trial 3 with value: 0.9916161783674221.
2026-04-08 15:22:41,888 - optuna.study.study - INFO - Trial 19 finished with value: 0.9859270315091212 and parameters: {'max_depth': 6, 'min_child_weight': 2, 'gamma': 2.0, 'lambda': 0.5, 'alpha': 0.0, 'learning_rate': 0.163651228815076, 'n_estimators': 250, 'subsample': 0.7999999999999999, 'colsample_bytree': 1.0, 'scale_pos_weight': 13}. Best is trial 3 with value: 0.9916161783674221.
2026-04-08 15:23:19,978 - optuna.study.study - INFO - Trial 20 finished with value: 0.9878653952459923 and parameters: {'max_depth': 6, 'min_child_weight': 1, 'gamma': 0.0, 'lambda': 2.0, 'alpha': 0.2, 'learning_rate': 0.08035646667837373, 'n_estimators': 100, 'subsample': 1.0, 'colsample_bytree': 0.7, 'scale_pos_weight': 4}. Best is trial 3 with value: 0.9916161783674221.
2026-04-08 15:24:03,904 - optuna.study.study - INFO - Trial 21 finished with value: 0.989690436705362 and parameters: {'max_depth': 7, 'min_child_weight': 1, 'gamma': 2.0, 'lambda': 1.5, 'alpha': 0.4, 'learning_rate': 0.12478402379401225, 'n_estimators': 100, 'subsample': 1.0, 'colsample_bytree': 0.7999999999999999, 'scale_pos_weight': 8}. Best is trial 3 with value: 0.9916161783674221.
2026-04-08 15:24:45,961 - optuna.study.study - INFO - Trial 22 finished with value: 0.9896575456053067 and parameters: {'max_depth': 7, 'min_child_weight': 1, 'gamma': 2.0, 'lambda': 1.5, 'alpha': 0.5, 'learning_rate': 0.13216148266568334, 'n_estimators': 100, 'subsample': 1.0, 'colsample_bytree': 0.7999999999999999, 'scale_pos_weight': 10}. Best is trial 3 with value: 0.9916161783674221.
2026-04-08 15:25:25,285 - optuna.study.study - INFO - Trial 23 finished with value: 0.9895649530127141 and parameters: {'max_depth': 7, 'min_child_weight': 1, 'gamma': 1.5, 'lambda': 1.0, 'alpha': 0.30000000000000004, 'learning_rate': 0.11212431580639677, 'n_estimators': 150, 'subsample': 1.0, 'colsample_bytree': 0.8999999999999999, 'scale_pos_weight': 7}. Best is trial 3 with value: 0.9916161783674221.
2026-04-08 15:25:57,707 - optuna.study.study - INFO - Trial 24 finished with value: 0.9884867330016582 and parameters: {'max_depth': 8, 'min_child_weight': 1, 'gamma': 1.0, 'lambda': 2.0, 'alpha': 0.5, 'learning_rate': 0.1517828110641362, 'n_estimators': 100, 'subsample': 0.8999999999999999, 'colsample_bytree': 0.7, 'scale_pos_weight': 9}. Best is trial 3 with value: 0.9916161783674221.
2026-04-08 15:26:27,758 - optuna.study.study - INFO - Trial 25 finished with value: 0.9891070573060624 and parameters: {'max_depth': 5, 'min_child_weight': 1, 'gamma': 2.0, 'lambda': 1.5, 'alpha': 0.30000000000000004, 'learning_rate': 0.0931553959735301, 'n_estimators': 200, 'subsample': 1.0, 'colsample_bytree': 0.7999999999999999, 'scale_pos_weight': 7}. Best is trial 3 with value: 0.9916161783674221.
2026-04-08 15:26:58,122 - optuna.study.study - INFO - Trial 26 finished with value: 0.9868160125299429 and parameters: {'max_depth': 7, 'min_child_weight': 2, 'gamma': 1.5, 'lambda': 1.0, 'alpha': 0.6000000000000001, 'learning_rate': 0.13717072724161633, 'n_estimators': 150, 'subsample': 0.8999999999999999, 'colsample_bytree': 0.8999999999999999, 'scale_pos_weight': 6}. Best is trial 3 with value: 0.9916161783674221.
2026-04-08 15:27:26,912 - optuna.study.study - INFO - Trial 27 finished with value: 0.9854291505435784 and parameters: {'max_depth': 6, 'min_child_weight': 1, 'gamma': 2.0, 'lambda': 1.5, 'alpha': 0.7000000000000001, 'learning_rate': 0.12283857081612176, 'n_estimators': 100, 'subsample': 0.7, 'colsample_bytree': 0.7999999999999999, 'scale_pos_weight': 11}. Best is trial 3 with value: 0.9916161783674221.
2026-04-08 15:27:54,154 - optuna.study.study - INFO - Trial 28 finished with value: 0.9895300350101346 and parameters: {'max_depth': 8, 'min_child_weight': 2, 'gamma': 1.5, 'lambda': 2.0, 'alpha': 0.1, 'learning_rate': 0.10741443575194408, 'n_estimators': 100, 'subsample': 1.0, 'colsample_bytree': 0.7, 'scale_pos_weight': 9}. Best is trial 3 with value: 0.9916161783674221.
2026-04-08 15:28:21,789 - optuna.study.study - INFO - Trial 29 finished with value: 0.9894784411276948 and parameters: {'max_depth': 6, 'min_child_weight': 1, 'gamma': 1.5, 'lambda': 1.5, 'alpha': 0.1, 'learning_rate': 0.070050821061537, 'n_estimators': 150, 'subsample': 1.0, 'colsample_bytree': 0.8999999999999999, 'scale_pos_weight': 14}. Best is trial 3 with value: 0.9916161783674221.
2026-04-08 15:28:53,781 - optuna.study.study - INFO - Trial 30 finished with value: 0.9854023401510965 and parameters: {'max_depth': 5, 'min_child_weight': 2, 'gamma': 0.5, 'lambda': 1.5, 'alpha': 0.4, 'learning_rate': 0.17049545211980882, 'n_estimators': 100, 'subsample': 0.7999999999999999, 'colsample_bytree': 0.7999999999999999, 'scale_pos_weight': 12}. Best is trial 3 with value: 0.9916161783674221.
2026-04-08 15:29:41,532 - optuna.study.study - INFO - Trial 31 finished with value: 0.9895381426202322 and parameters: {'max_depth': 7, 'min_child_weight': 1, 'gamma': 2.0, 'lambda': 1.5, 'alpha': 0.5, 'learning_rate': 0.12970221977921295, 'n_estimators': 100, 'subsample': 1.0, 'colsample_bytree': 0.7999999999999999, 'scale_pos_weight': 10}. Best is trial 3 with value: 0.9916161783674221.
2026-04-08 15:30:27,084 - optuna.study.study - INFO - Trial 32 finished with value: 0.9895978441127694 and parameters: {'max_depth': 7, 'min_child_weight': 1, 'gamma': 2.0, 'lambda': 1.5, 'alpha': 0.5, 'learning_rate': 0.13705157694949155, 'n_estimators': 100, 'subsample': 1.0, 'colsample_bytree': 0.7999999999999999, 'scale_pos_weight': 11}. Best is trial 3 with value: 0.9916161783674221.
2026-04-08 15:30:59,380 - optuna.study.study - INFO - Trial 33 finished with value: 0.9891429887599041 and parameters: {'max_depth': 7, 'min_child_weight': 1, 'gamma': 2.0, 'lambda': 1.0, 'alpha': 0.30000000000000004, 'learning_rate': 0.15393385653683014, 'n_estimators': 100, 'subsample': 0.8999999999999999, 'colsample_bytree': 0.8999999999999999, 'scale_pos_weight': 5}. Best is trial 3 with value: 0.9916161783674221.
2026-04-08 15:31:40,599 - optuna.study.study - INFO - Trial 34 finished with value: 0.9888859406670353 and parameters: {'max_depth': 4, 'min_child_weight': 1, 'gamma': 2.0, 'lambda': 2.0, 'alpha': 0.7000000000000001, 'learning_rate': 0.19846519150058295, 'n_estimators': 150, 'subsample': 1.0, 'colsample_bytree': 0.7999999999999999, 'scale_pos_weight': 10}. Best is trial 3 with value: 0.9916161783674221.
2026-04-08 15:32:15,589 - optuna.study.study - INFO - Trial 35 finished with value: 0.9897172470978441 and parameters: {'max_depth': 7, 'min_child_weight': 1, 'gamma': 2.0, 'lambda': 1.0, 'alpha': 0.6000000000000001, 'learning_rate': 0.13144974237118215, 'n_estimators': 100, 'subsample': 0.8999999999999999, 'colsample_bytree': 0.8999999999999999, 'scale_pos_weight': 6}. Best is trial 3 with value: 0.9916161783674221.
2026-04-08 15:32:47,697 - optuna.study.study - INFO - Trial 36 finished with value: 0.9866718260549107 and parameters: {'max_depth': 8, 'min_child_weight': 1, 'gamma': 1.5, 'lambda': 1.0, 'alpha': 0.9, 'learning_rate': 0.10006525781640803, 'n_estimators': 150, 'subsample': 0.8999999999999999, 'colsample_bytree': 0.8999999999999999, 'scale_pos_weight': 4}. Best is trial 3 with value: 0.9916161783674221.
2026-04-08 15:33:25,746 - optuna.study.study - INFO - Trial 37 finished with value: 0.9887149437995209 and parameters: {'max_depth': 7, 'min_child_weight': 1, 'gamma': 2.0, 'lambda': 0.5, 'alpha': 0.2, 'learning_rate': 0.11832387375839358, 'n_estimators': 100, 'subsample': 0.8999999999999999, 'colsample_bytree': 0.8999999999999999, 'scale_pos_weight': 6}. Best is trial 3 with value: 0.9916161783674221.
2026-04-08 15:34:17,200 - optuna.study.study - INFO - Trial 38 finished with value: 0.9875011055831951 and parameters: {'max_depth': 8, 'min_child_weight': 1, 'gamma': 0.0, 'lambda': 1.0, 'alpha': 0.6000000000000001, 'learning_rate': 0.1504663662190152, 'n_estimators': 100, 'subsample': 0.8999999999999999, 'colsample_bytree': 1.0, 'scale_pos_weight': 4}. Best is trial 3 with value: 0.9916161783674221.
2026-04-08 15:34:59,306 - optuna.study.study - INFO - Trial 39 finished with value: 0.986501289847061 and parameters: {'max_depth': 4, 'min_child_weight': 3, 'gamma': 2.0, 'lambda': 0.5, 'alpha': 0.2, 'learning_rate': 0.16188374709234696, 'n_estimators': 200, 'subsample': 0.8999999999999999, 'colsample_bytree': 0.8999999999999999, 'scale_pos_weight': 8}. Best is trial 3 with value: 0.9916161783674221.
2026-04-08 15:35:38,320 - optuna.study.study - INFO - Trial 40 finished with value: 0.9860585959093422 and parameters: {'max_depth': 7, 'min_child_weight': 1, 'gamma': 1.5, 'lambda': 1.0, 'alpha': 0.9, 'learning_rate': 0.14160017100339595, 'n_estimators': 300, 'subsample': 0.7, 'colsample_bytree': 0.8999999999999999, 'scale_pos_weight': 1}. Best is trial 3 with value: 0.9916161783674221.
2026-04-08 15:36:02,189 - optuna.study.study - INFO - Trial 41 finished with value: 0.9884568822553896 and parameters: {'max_depth': 7, 'min_child_weight': 1, 'gamma': 2.0, 'lambda': 1.0, 'alpha': 0.4, 'learning_rate': 0.13046095729485033, 'n_estimators': 100, 'subsample': 1.0, 'colsample_bytree': 0.7999999999999999, 'scale_pos_weight': 5}. Best is trial 3 with value: 0.9916161783674221.
2026-04-08 15:36:18,384 - optuna.study._optimize - WARNING - Trial 42 failed with parameters: {'max_depth': 7, 'min_child_weight': 1, 'gamma': 2.0, 'lambda': 2.0, 'alpha': 0.5, 'learning_rate': 0.12865569339562474, 'n_estimators': 100, 'subsample': 1.0, 'colsample_bytree': 0.7, 'scale_pos_weight': 7} because of the following error: TerminatedWorkerError('A worker process managed by the executor was unexpectedly terminated. This could be caused by a segmentation fault while calling the function or by an excessive memory usage causing the Operating System to kill the worker.\n\nDetailed tracebacks of the workers should have been printed to stderr in the executor process if faulthandler was not disabled.').
Traceback (most recent call last):
  File "C:\Users\KANNAN\AppData\Local\Programs\Python\Python313\Lib\site-packages\optuna\study\_optimize.py", line 206, in _run_trial
    value_or_values = func(trial)
  File "C:\Users\KANNAN\.vscode\doc-gpt\diabetes\src\models\tune.py", line 64, in objective
    score = cross_val_score(pipeline, X_train, y_train, cv=5, scoring='roc_auc', n_jobs=-1).mean()
            ~~~~~~~~~~~~~~~^^^^^^^^^^^^^^^^^^^^^^^^^^^^^^^^^^^^^^^^^^^^^^^^^^^^^^^^^^^^^^^^
  File "C:\Users\KANNAN\AppData\Local\Programs\Python\Python313\Lib\site-packages\sklearn\utils\_param_validation.py", line 218, in wrapper
    return func(*args, **kwargs)
  File "C:\Users\KANNAN\AppData\Local\Programs\Python\Python313\Lib\site-packages\sklearn\model_selection\_validation.py", line 677, in cross_val_score
    cv_results = cross_validate(
        estimator=estimator,
    ...<9 lines>...
        error_score=error_score,
    )
  File "C:\Users\KANNAN\AppData\Local\Programs\Python\Python313\Lib\site-packages\sklearn\utils\_param_validation.py", line 218, in wrapper
    return func(*args, **kwargs)
  File "C:\Users\KANNAN\AppData\Local\Programs\Python\Python313\Lib\site-packages\sklearn\model_selection\_validation.py", line 399, in cross_validate
    results = parallel(
        delayed(_fit_and_score)(
    ...<15 lines>...
        for train, test in indices
    )
  File "C:\Users\KANNAN\AppData\Local\Programs\Python\Python313\Lib\site-packages\sklearn\utils\parallel.py", line 82, in __call__
    return super().__call__(iterable_with_config_and_warning_filters)
           ~~~~~~~~~~~~~~~~^^^^^^^^^^^^^^^^^^^^^^^^^^^^^^^^^^^^^^^^^^
  File "C:\Users\KANNAN\AppData\Local\Programs\Python\Python313\Lib\site-packages\joblib\parallel.py", line 2072, in __call__
    return output if self.return_generator else list(output)
                                                ~~~~^^^^^^^^
  File "C:\Users\KANNAN\AppData\Local\Programs\Python\Python313\Lib\site-packages\joblib\parallel.py", line 1682, in _get_outputs
    yield from self._retrieve()
  File "C:\Users\KANNAN\AppData\Local\Programs\Python\Python313\Lib\site-packages\joblib\parallel.py", line 1784, in _retrieve
    self._raise_error_fast()
    ~~~~~~~~~~~~~~~~~~~~~~^^
  File "C:\Users\KANNAN\AppData\Local\Programs\Python\Python313\Lib\site-packages\joblib\parallel.py", line 1859, in _raise_error_fast
    error_job.get_result(self.timeout)
    ~~~~~~~~~~~~~~~~~~~~^^^^^^^^^^^^^^
  File "C:\Users\KANNAN\AppData\Local\Programs\Python\Python313\Lib\site-packages\joblib\parallel.py", line 758, in get_result
    return self._return_or_raise()
           ~~~~~~~~~~~~~~~~~~~~~^^
  File "C:\Users\KANNAN\AppData\Local\Programs\Python\Python313\Lib\site-packages\joblib\parallel.py", line 773, in _return_or_raise
    raise self._result
joblib.externals.loky.process_executor.TerminatedWorkerError: A worker process managed by the executor was unexpectedly terminated. This could be caused by a segmentation fault while calling the function or by an excessive memory usage causing the Operating System to kill the worker.

Detailed tracebacks of the workers should have been printed to stderr in the executor process if faulthandler was not disabled.
2026-04-08 15:36:18,419 - optuna.study._optimize - WARNING - Trial 42 failed with value None.
