2026-04-08 16:12:48,743 - optuna.storages._in_memory - INFO - A new study created in memory with name: xgb_tuning
2026-04-08 16:12:49,028 - optuna.study.study - INFO - Trial 0 finished with value: 0.9984313725490196 and parameters: {'max_depth': 5, 'min_child_weight': 3, 'gamma': 1.5, 'lambda': 1.5, 'alpha': 0.1, 'learning_rate': 0.06207090305742937, 'subsample': 0.7, 'colsample_bytree': 1.0, 'n_estimators': 220}. Best is trial 0 with value: 0.9984313725490196.
2026-04-08 16:12:49,324 - optuna.study.study - INFO - Trial 1 finished with value: 0.9976470588235294 and parameters: {'max_depth': 7, 'min_child_weight': 1, 'gamma': 2.0, 'lambda': 2.0, 'alpha': 0.2, 'learning_rate': 0.06433385005697079, 'subsample': 0.7, 'colsample_bytree': 0.7999999999999999, 'n_estimators': 205}. Best is trial 0 with value: 0.9984313725490196.
2026-04-08 16:12:49,538 - optuna.study.study - INFO - Trial 2 finished with value: 0.9992156862745099 and parameters: {'max_depth': 6, 'min_child_weight': 1, 'gamma': 1.5, 'lambda': 0.5, 'alpha': 0.30000000000000004, 'learning_rate': 0.08308867100591956, 'subsample': 0.7999999999999999, 'colsample_bytree': 1.0, 'n_estimators': 140}. Best is trial 2 with value: 0.9992156862745099.
2026-04-08 16:12:49,899 - optuna.study.study - INFO - Trial 3 finished with value: 0.9992156862745099 and parameters: {'max_depth': 6, 'min_child_weight': 2, 'gamma': 0.0, 'lambda': 1.5, 'alpha': 0.1, 'learning_rate': 0.054718598564940636, 'subsample': 1.0, 'colsample_bytree': 1.0, 'n_estimators': 262}. Best is trial 2 with value: 0.9992156862745099.
2026-04-08 16:12:50,104 - optuna.study.study - INFO - Trial 4 finished with value: 0.9992156862745099 and parameters: {'max_depth': 5, 'min_child_weight': 1, 'gamma': 1.5, 'lambda': 1.0, 'alpha': 0.1, 'learning_rate': 0.09933360807331099, 'subsample': 0.7, 'colsample_bytree': 1.0, 'n_estimators': 152}. Best is trial 2 with value: 0.9992156862745099.
2026-04-08 16:12:50,484 - optuna.study.study - INFO - Trial 5 finished with value: 0.9992156862745099 and parameters: {'max_depth': 7, 'min_child_weight': 1, 'gamma': 1.0, 'lambda': 1.5, 'alpha': 0.2, 'learning_rate': 0.1917423814021637, 'subsample': 1.0, 'colsample_bytree': 1.0, 'n_estimators': 279}. Best is trial 2 with value: 0.9992156862745099.
2026-04-08 16:12:50,583 - optuna.study._optimize - INFO - Trial 6 pruned. Trial was pruned at iteration 2.
2026-04-08 16:12:50,681 - optuna.study._optimize - INFO - Trial 7 pruned. Trial was pruned at iteration 2.
2026-04-08 16:12:50,779 - optuna.study._optimize - INFO - Trial 8 pruned. Trial was pruned at iteration 0.
2026-04-08 16:12:50,876 - optuna.study._optimize - INFO - Trial 9 pruned. Trial was pruned at iteration 0.
2026-04-08 16:12:51,008 - optuna.study._optimize - INFO - Trial 10 pruned. Trial was pruned at iteration 1.
2026-04-08 16:12:51,133 - optuna.study._optimize - INFO - Trial 11 pruned. Trial was pruned at iteration 1.
2026-04-08 16:12:51,340 - optuna.study._optimize - INFO - Trial 12 pruned. Trial was pruned at iteration 4.
2026-04-08 16:12:51,464 - optuna.study._optimize - INFO - Trial 13 pruned. Trial was pruned at iteration 2.
2026-04-08 16:12:51,586 - optuna.study._optimize - INFO - Trial 14 pruned. Trial was pruned at iteration 1.
2026-04-08 16:12:51,708 - optuna.study._optimize - INFO - Trial 15 pruned. Trial was pruned at iteration 1.
2026-04-08 16:12:51,834 - optuna.study._optimize - INFO - Trial 16 pruned. Trial was pruned at iteration 1.
2026-04-08 16:12:51,958 - optuna.study._optimize - INFO - Trial 17 pruned. Trial was pruned at iteration 2.
2026-04-08 16:12:52,083 - optuna.study._optimize - INFO - Trial 18 pruned. Trial was pruned at iteration 2.
2026-04-08 16:12:52,208 - optuna.study._optimize - INFO - Trial 19 pruned. Trial was pruned at iteration 0.
2026-04-08 16:12:52,335 - optuna.study._optimize - INFO - Trial 20 pruned. Trial was pruned at iteration 0.
2026-04-08 16:12:52,460 - optuna.study._optimize - INFO - Trial 21 pruned. Trial was pruned at iteration 1.
2026-04-08 16:12:52,586 - optuna.study._optimize - INFO - Trial 22 pruned. Trial was pruned at iteration 1.
2026-04-08 16:12:52,711 - optuna.study._optimize - INFO - Trial 23 pruned. Trial was pruned at iteration 1.
2026-04-08 16:12:52,838 - optuna.study._optimize - INFO - Trial 24 pruned. Trial was pruned at iteration 2.
2026-04-08 16:12:52,962 - optuna.study._optimize - INFO - Trial 25 pruned. Trial was pruned at iteration 1.
2026-04-08 16:12:53,087 - optuna.study._optimize - INFO - Trial 26 pruned. Trial was pruned at iteration 1.
2026-04-08 16:12:53,280 - optuna.study._optimize - INFO - Trial 27 pruned. Trial was pruned at iteration 1.
2026-04-08 16:12:53,410 - optuna.study._optimize - INFO - Trial 28 pruned. Trial was pruned at iteration 4.
2026-04-08 16:12:53,534 - optuna.study._optimize - INFO - Trial 29 pruned. Trial was pruned at iteration 0.
2026-04-08 16:12:53,666 - optuna.study._optimize - INFO - Trial 30 pruned. Trial was pruned at iteration 5.
2026-04-08 16:12:54,039 - optuna.study.study - INFO - Trial 31 finished with value: 0.9992156862745099 and parameters: {'max_depth': 7, 'min_child_weight': 1, 'gamma': 1.0, 'lambda': 1.5, 'alpha': 0.2, 'learning_rate': 0.19952467476784014, 'subsample': 1.0, 'colsample_bytree': 1.0, 'n_estimators': 276}. Best is trial 2 with value: 0.9992156862745099.
2026-04-08 16:12:54,475 - optuna.study.study - INFO - Trial 32 finished with value: 0.9992156862745099 and parameters: {'max_depth': 8, 'min_child_weight': 1, 'gamma': 0.0, 'lambda': 1.5, 'alpha': 0.2, 'learning_rate': 0.19920017467921025, 'subsample': 1.0, 'colsample_bytree': 1.0, 'n_estimators': 287}. Best is trial 2 with value: 0.9992156862745099.
2026-04-08 16:12:54,597 - optuna.study._optimize - INFO - Trial 33 pruned. Trial was pruned at iteration 1.
2026-04-08 16:12:54,713 - optuna.study._optimize - INFO - Trial 34 pruned. Trial was pruned at iteration 1.
2026-04-08 16:12:54,828 - optuna.study._optimize - INFO - Trial 35 pruned. Trial was pruned at iteration 2.
2026-04-08 16:12:54,941 - optuna.study._optimize - INFO - Trial 36 pruned. Trial was pruned at iteration 1.
2026-04-08 16:12:55,053 - optuna.study._optimize - INFO - Trial 37 pruned. Trial was pruned at iteration 1.
2026-04-08 16:12:55,166 - optuna.study._optimize - INFO - Trial 38 pruned. Trial was pruned at iteration 0.
2026-04-08 16:12:55,281 - optuna.study._optimize - INFO - Trial 39 pruned. Trial was pruned at iteration 1.
2026-04-08 16:12:55,394 - optuna.study._optimize - INFO - Trial 40 pruned. Trial was pruned at iteration 0.
2026-04-08 16:12:55,711 - optuna.study.study - INFO - Trial 41 finished with value: 0.9992156862745099 and parameters: {'max_depth': 7, 'min_child_weight': 1, 'gamma': 1.0, 'lambda': 1.5, 'alpha': 0.2, 'learning_rate': 0.18879767072677278, 'subsample': 1.0, 'colsample_bytree': 1.0, 'n_estimators': 268}. Best is trial 2 with value: 0.9992156862745099.
2026-04-08 16:12:55,829 - optuna.study._optimize - INFO - Trial 42 pruned. Trial was pruned at iteration 5.
2026-04-08 16:12:55,942 - optuna.study._optimize - INFO - Trial 43 pruned. Trial was pruned at iteration 1.
2026-04-08 16:12:56,258 - optuna.study.study - INFO - Trial 44 finished with value: 0.9992156862745099 and parameters: {'max_depth': 8, 'min_child_weight': 1, 'gamma': 0.5, 'lambda': 1.5, 'alpha': 0.0, 'learning_rate': 0.1996774938096363, 'subsample': 1.0, 'colsample_bytree': 1.0, 'n_estimators': 258}. Best is trial 2 with value: 0.9992156862745099.
2026-04-08 16:12:56,375 - optuna.study._optimize - INFO - Trial 45 pruned. Trial was pruned at iteration 1.
2026-04-08 16:12:56,678 - optuna.study.study - INFO - Trial 46 finished with value: 0.9992156862745099 and parameters: {'max_depth': 6, 'min_child_weight': 1, 'gamma': 0.5, 'lambda': 1.5, 'alpha': 0.4, 'learning_rate': 0.1745881067793509, 'subsample': 1.0, 'colsample_bytree': 1.0, 'n_estimators': 243}. Best is trial 2 with value: 0.9992156862745099.
2026-04-08 16:12:56,794 - optuna.study._optimize - INFO - Trial 47 pruned. Trial was pruned at iteration 1.
2026-04-08 16:12:56,908 - optuna.study._optimize - INFO - Trial 48 pruned. Trial was pruned at iteration 1.
2026-04-08 16:12:57,023 - optuna.study._optimize - INFO - Trial 49 pruned. Trial was pruned at iteration 1.
