2026-04-10 00:04:43,341 - optuna.storages._in_memory - INFO - A new study created in memory with name: xgb_tuning
2026-04-10 00:04:43,558 - optuna.study.study - INFO - Trial 0 finished with value: 0.9968627450980393 and parameters: {'max_depth': 5, 'min_child_weight': 3, 'gamma': 1.5, 'lambda': 1.5, 'alpha': 0.1, 'learning_rate': 0.06207090305742937, 'subsample': 0.7, 'colsample_bytree': 1.0, 'n_estimators': 220}. Best is trial 0 with value: 0.9968627450980393.
2026-04-10 00:04:43,859 - optuna.study.study - INFO - Trial 1 finished with value: 0.9968627450980393 and parameters: {'max_depth': 7, 'min_child_weight': 1, 'gamma': 2.0, 'lambda': 2.0, 'alpha': 0.2, 'learning_rate': 0.06433385005697079, 'subsample': 0.7, 'colsample_bytree': 0.7999999999999999, 'n_estimators': 205}. Best is trial 0 with value: 0.9968627450980393.
2026-04-10 00:04:44,053 - optuna.study.study - INFO - Trial 2 finished with value: 0.9992156862745099 and parameters: {'max_depth': 6, 'min_child_weight': 1, 'gamma': 1.5, 'lambda': 0.5, 'alpha': 0.30000000000000004, 'learning_rate': 0.08308867100591956, 'subsample': 0.7999999999999999, 'colsample_bytree': 1.0, 'n_estimators': 140}. Best is trial 2 with value: 0.9992156862745099.
2026-04-10 00:04:44,375 - optuna.study.study - INFO - Trial 3 finished with value: 0.9976470588235294 and parameters: {'max_depth': 6, 'min_child_weight': 2, 'gamma': 0.0, 'lambda': 1.5, 'alpha': 0.1, 'learning_rate': 0.054718598564940636, 'subsample': 1.0, 'colsample_bytree': 1.0, 'n_estimators': 262}. Best is trial 2 with value: 0.9992156862745099.
2026-04-10 00:04:44,578 - optuna.study.study - INFO - Trial 4 finished with value: 0.9984313725490196 and parameters: {'max_depth': 5, 'min_child_weight': 1, 'gamma': 1.5, 'lambda': 1.0, 'alpha': 0.1, 'learning_rate': 0.09933360807331099, 'subsample': 0.7, 'colsample_bytree': 1.0, 'n_estimators': 152}. Best is trial 2 with value: 0.9992156862745099.
2026-04-10 00:04:44,971 - optuna.study.study - INFO - Trial 5 finished with value: 0.9992156862745099 and parameters: {'max_depth': 7, 'min_child_weight': 1, 'gamma': 1.0, 'lambda': 1.5, 'alpha': 0.2, 'learning_rate': 0.1917423814021637, 'subsample': 1.0, 'colsample_bytree': 1.0, 'n_estimators': 279}. Best is trial 2 with value: 0.9992156862745099.
2026-04-10 00:04:45,077 - optuna.study._optimize - INFO - Trial 6 pruned. Trial was pruned at iteration 0.
2026-04-10 00:04:45,192 - optuna.study._optimize - INFO - Trial 7 pruned. Trial was pruned at iteration 5.
2026-04-10 00:04:45,295 - optuna.study._optimize - INFO - Trial 8 pruned. Trial was pruned at iteration 0.
2026-04-10 00:04:45,398 - optuna.study._optimize - INFO - Trial 9 pruned. Trial was pruned at iteration 0.
2026-04-10 00:04:45,524 - optuna.study._optimize - INFO - Trial 10 pruned. Trial was pruned at iteration 1.
2026-04-10 00:04:45,659 - optuna.study._optimize - INFO - Trial 11 pruned. Trial was pruned at iteration 10.
2026-04-10 00:04:45,940 - optuna.study.study - INFO - Trial 12 finished with value: 0.9984313725490196 and parameters: {'max_depth': 8, 'min_child_weight': 1, 'gamma': 1.0, 'lambda': 1.0, 'alpha': 0.6000000000000001, 'learning_rate': 0.17920290976552103, 'subsample': 0.7999999999999999, 'colsample_bytree': 0.8999999999999999, 'n_estimators': 166}. Best is trial 2 with value: 0.9992156862745099.
2026-04-10 00:04:46,063 - optuna.study._optimize - INFO - Trial 13 pruned. Trial was pruned at iteration 1.
2026-04-10 00:04:46,188 - optuna.study._optimize - INFO - Trial 14 pruned. Trial was pruned at iteration 0.
2026-04-10 00:04:46,314 - optuna.study._optimize - INFO - Trial 15 pruned. Trial was pruned at iteration 1.
2026-04-10 00:04:46,441 - optuna.study._optimize - INFO - Trial 16 pruned. Trial was pruned at iteration 0.
2026-04-10 00:04:46,567 - optuna.study._optimize - INFO - Trial 17 pruned. Trial was pruned at iteration 1.
2026-04-10 00:04:46,898 - optuna.study.study - INFO - Trial 18 finished with value: 0.9984313725490196 and parameters: {'max_depth': 6, 'min_child_weight': 1, 'gamma': 2.0, 'lambda': 1.5, 'alpha': 0.0, 'learning_rate': 0.1573235473622805, 'subsample': 0.7999999999999999, 'colsample_bytree': 1.0, 'n_estimators': 228}. Best is trial 2 with value: 0.9992156862745099.
2026-04-10 00:04:47,026 - optuna.study._optimize - INFO - Trial 19 pruned. Trial was pruned at iteration 1.
2026-04-10 00:04:47,163 - optuna.study._optimize - INFO - Trial 20 pruned. Trial was pruned at iteration 10.
2026-04-10 00:04:47,288 - optuna.study._optimize - INFO - Trial 21 pruned. Trial was pruned at iteration 1.
2026-04-10 00:04:47,416 - optuna.study._optimize - INFO - Trial 22 pruned. Trial was pruned at iteration 1.
2026-04-10 00:04:47,543 - optuna.study._optimize - INFO - Trial 23 pruned. Trial was pruned at iteration 1.
2026-04-10 00:04:47,680 - optuna.study._optimize - INFO - Trial 24 pruned. Trial was pruned at iteration 10.
2026-04-10 00:04:47,949 - optuna.study.study - INFO - Trial 25 finished with value: 0.9984313725490196 and parameters: {'max_depth': 7, 'min_child_weight': 1, 'gamma': 1.5, 'lambda': 1.0, 'alpha': 0.2, 'learning_rate': 0.12707404133841205, 'subsample': 0.7999999999999999, 'colsample_bytree': 1.0, 'n_estimators': 152}. Best is trial 2 with value: 0.9992156862745099.
2026-04-10 00:04:48,246 - optuna.study.study - INFO - Trial 26 finished with value: 0.9992156862745099 and parameters: {'max_depth': 5, 'min_child_weight': 1, 'gamma': 1.0, 'lambda': 1.5, 'alpha': 0.1, 'learning_rate': 0.1653383617193381, 'subsample': 0.8999999999999999, 'colsample_bytree': 0.8999999999999999, 'n_estimators': 182}. Best is trial 2 with value: 0.9992156862745099.
2026-04-10 00:04:48,371 - optuna.study._optimize - INFO - Trial 27 pruned. Trial was pruned at iteration 0.
2026-04-10 00:04:48,749 - optuna.study.study - INFO - Trial 28 finished with value: 0.9992156862745099 and parameters: {'max_depth': 5, 'min_child_weight': 1, 'gamma': 0.5, 'lambda': 1.5, 'alpha': 0.5, 'learning_rate': 0.1984125662797878, 'subsample': 1.0, 'colsample_bytree': 0.8999999999999999, 'n_estimators': 242}. Best is trial 2 with value: 0.9992156862745099.
2026-04-10 00:04:48,913 - optuna.study._optimize - INFO - Trial 29 pruned. Trial was pruned at iteration 10.
2026-04-10 00:04:49,061 - optuna.study._optimize - INFO - Trial 30 pruned. Trial was pruned at iteration 0.
2026-04-10 00:04:49,366 - optuna.study.study - INFO - Trial 31 finished with value: 0.9992156862745099 and parameters: {'max_depth': 5, 'min_child_weight': 1, 'gamma': 0.5, 'lambda': 1.5, 'alpha': 0.4, 'learning_rate': 0.19952467476784014, 'subsample': 1.0, 'colsample_bytree': 0.8999999999999999, 'n_estimators': 246}. Best is trial 2 with value: 0.9992156862745099.
2026-04-10 00:04:49,690 - optuna.study.study - INFO - Trial 32 finished with value: 0.9992156862745099 and parameters: {'max_depth': 5, 'min_child_weight': 1, 'gamma': 0.5, 'lambda': 1.5, 'alpha': 0.6000000000000001, 'learning_rate': 0.19971200730959565, 'subsample': 1.0, 'colsample_bytree': 0.8999999999999999, 'n_estimators': 277}. Best is trial 2 with value: 0.9992156862745099.
2026-04-10 00:04:49,805 - optuna.study._optimize - INFO - Trial 33 pruned. Trial was pruned at iteration 0.
2026-04-10 00:04:49,927 - optuna.study._optimize - INFO - Trial 34 pruned. Trial was pruned at iteration 6.
2026-04-10 00:04:50,041 - optuna.study._optimize - INFO - Trial 35 pruned. Trial was pruned at iteration 1.
2026-04-10 00:04:50,159 - optuna.study._optimize - INFO - Trial 36 pruned. Trial was pruned at iteration 0.
2026-04-10 00:04:50,275 - optuna.study._optimize - INFO - Trial 37 pruned. Trial was pruned at iteration 1.
2026-04-10 00:04:50,396 - optuna.study._optimize - INFO - Trial 38 pruned. Trial was pruned at iteration 6.
2026-04-10 00:04:50,512 - optuna.study._optimize - INFO - Trial 39 pruned. Trial was pruned at iteration 0.
2026-04-10 00:04:50,627 - optuna.study._optimize - INFO - Trial 40 pruned. Trial was pruned at iteration 0.
2026-04-10 00:04:50,932 - optuna.study.study - INFO - Trial 41 finished with value: 0.9992156862745099 and parameters: {'max_depth': 5, 'min_child_weight': 1, 'gamma': 0.5, 'lambda': 1.5, 'alpha': 0.4, 'learning_rate': 0.1952986546099313, 'subsample': 1.0, 'colsample_bytree': 0.8999999999999999, 'n_estimators': 250}. Best is trial 2 with value: 0.9992156862745099.
2026-04-10 00:04:51,048 - optuna.study._optimize - INFO - Trial 42 pruned. Trial was pruned at iteration 2.
2026-04-10 00:04:51,384 - optuna.study.study - INFO - Trial 43 finished with value: 0.9992156862745099 and parameters: {'max_depth': 5, 'min_child_weight': 1, 'gamma': 0.0, 'lambda': 1.5, 'alpha': 0.5, 'learning_rate': 0.17901024488341666, 'subsample': 1.0, 'colsample_bytree': 0.8999999999999999, 'n_estimators': 267}. Best is trial 2 with value: 0.9992156862745099.
2026-04-10 00:04:51,508 - optuna.study._optimize - INFO - Trial 44 pruned. Trial was pruned at iteration 6.
2026-04-10 00:04:51,626 - optuna.study._optimize - INFO - Trial 45 pruned. Trial was pruned at iteration 0.
2026-04-10 00:04:51,744 - optuna.study._optimize - INFO - Trial 46 pruned. Trial was pruned at iteration 1.
2026-04-10 00:04:51,863 - optuna.study._optimize - INFO - Trial 47 pruned. Trial was pruned at iteration 2.
2026-04-10 00:04:51,981 - optuna.study._optimize - INFO - Trial 48 pruned. Trial was pruned at iteration 1.
2026-04-10 00:04:52,097 - optuna.study._optimize - INFO - Trial 49 pruned. Trial was pruned at iteration 0.
