2026-04-08 23:53:14,970 - optuna.storages._in_memory - INFO - A new study created in memory with name: xgb_tuning
2026-04-08 23:53:15,261 - optuna.study.study - INFO - Trial 0 finished with value: 0.9984313725490196 and parameters: {'max_depth': 5, 'min_child_weight': 3, 'gamma': 1.5, 'lambda': 1.5, 'alpha': 0.1, 'learning_rate': 0.06207090305742937, 'subsample': 0.7, 'colsample_bytree': 1.0, 'n_estimators': 220}. Best is trial 0 with value: 0.9984313725490196.
2026-04-08 23:53:15,521 - optuna.study.study - INFO - Trial 1 finished with value: 0.9976470588235294 and parameters: {'max_depth': 7, 'min_child_weight': 1, 'gamma': 2.0, 'lambda': 2.0, 'alpha': 0.2, 'learning_rate': 0.06433385005697079, 'subsample': 0.7, 'colsample_bytree': 0.7999999999999999, 'n_estimators': 205}. Best is trial 0 with value: 0.9984313725490196.
2026-04-08 23:53:15,747 - optuna.study.study - INFO - Trial 2 finished with value: 0.9992156862745099 and parameters: {'max_depth': 6, 'min_child_weight': 1, 'gamma': 1.5, 'lambda': 0.5, 'alpha': 0.30000000000000004, 'learning_rate': 0.08308867100591956, 'subsample': 0.7999999999999999, 'colsample_bytree': 1.0, 'n_estimators': 140}. Best is trial 2 with value: 0.9992156862745099.
2026-04-08 23:53:16,136 - optuna.study.study - INFO - Trial 3 finished with value: 0.9992156862745099 and parameters: {'max_depth': 6, 'min_child_weight': 2, 'gamma': 0.0, 'lambda': 1.5, 'alpha': 0.1, 'learning_rate': 0.054718598564940636, 'subsample': 1.0, 'colsample_bytree': 1.0, 'n_estimators': 262}. Best is trial 2 with value: 0.9992156862745099.
2026-04-08 23:53:16,348 - optuna.study.study - INFO - Trial 4 finished with value: 0.9992156862745099 and parameters: {'max_depth': 5, 'min_child_weight': 1, 'gamma': 1.5, 'lambda': 1.0, 'alpha': 0.1, 'learning_rate': 0.09933360807331099, 'subsample': 0.7, 'colsample_bytree': 1.0, 'n_estimators': 152}. Best is trial 2 with value: 0.9992156862745099.
2026-04-08 23:53:16,723 - optuna.study.study - INFO - Trial 5 finished with value: 0.9992156862745099 and parameters: {'max_depth': 7, 'min_child_weight': 1, 'gamma': 1.0, 'lambda': 1.5, 'alpha': 0.2, 'learning_rate': 0.1917423814021637, 'subsample': 1.0, 'colsample_bytree': 1.0, 'n_estimators': 279}. Best is trial 2 with value: 0.9992156862745099.
2026-04-08 23:53:16,825 - optuna.study._optimize - INFO - Trial 6 pruned. Trial was pruned at iteration 2.
2026-04-08 23:53:16,932 - optuna.study._optimize - INFO - Trial 7 pruned. Trial was pruned at iteration 2.
2026-04-08 23:53:17,032 - optuna.study._optimize - INFO - Trial 8 pruned. Trial was pruned at iteration 0.
2026-04-08 23:53:17,137 - optuna.study._optimize - INFO - Trial 9 pruned. Trial was pruned at iteration 0.
2026-04-08 23:53:17,265 - optuna.study._optimize - INFO - Trial 10 pruned. Trial was pruned at iteration 1.
2026-04-08 23:53:17,390 - optuna.study._optimize - INFO - Trial 11 pruned. Trial was pruned at iteration 1.
2026-04-08 23:53:17,517 - optuna.study._optimize - INFO - Trial 12 pruned. Trial was pruned at iteration 4.
2026-04-08 23:53:17,641 - optuna.study._optimize - INFO - Trial 13 pruned. Trial was pruned at iteration 2.
2026-04-08 23:53:17,766 - optuna.study._optimize - INFO - Trial 14 pruned. Trial was pruned at iteration 1.
2026-04-08 23:53:17,889 - optuna.study._optimize - INFO - Trial 15 pruned. Trial was pruned at iteration 1.
2026-04-08 23:53:18,016 - optuna.study._optimize - INFO - Trial 16 pruned. Trial was pruned at iteration 1.
2026-04-08 23:53:18,143 - optuna.study._optimize - INFO - Trial 17 pruned. Trial was pruned at iteration 2.
2026-04-08 23:53:18,270 - optuna.study._optimize - INFO - Trial 18 pruned. Trial was pruned at iteration 2.
2026-04-08 23:53:18,395 - optuna.study._optimize - INFO - Trial 19 pruned. Trial was pruned at iteration 0.
2026-04-08 23:53:18,521 - optuna.study._optimize - INFO - Trial 20 pruned. Trial was pruned at iteration 0.
2026-04-08 23:53:18,648 - optuna.study._optimize - INFO - Trial 21 pruned. Trial was pruned at iteration 1.
2026-04-08 23:53:18,774 - optuna.study._optimize - INFO - Trial 22 pruned. Trial was pruned at iteration 1.
2026-04-08 23:53:18,906 - optuna.study._optimize - INFO - Trial 23 pruned. Trial was pruned at iteration 1.
2026-04-08 23:53:19,045 - optuna.study._optimize - INFO - Trial 24 pruned. Trial was pruned at iteration 2.
2026-04-08 23:53:19,183 - optuna.study._optimize - INFO - Trial 25 pruned. Trial was pruned at iteration 1.
2026-04-08 23:53:19,316 - optuna.study._optimize - INFO - Trial 26 pruned. Trial was pruned at iteration 1.
2026-04-08 23:53:19,449 - optuna.study._optimize - INFO - Trial 27 pruned. Trial was pruned at iteration 1.
2026-04-08 23:53:19,594 - optuna.study._optimize - INFO - Trial 28 pruned. Trial was pruned at iteration 4.
2026-04-08 23:53:19,726 - optuna.study._optimize - INFO - Trial 29 pruned. Trial was pruned at iteration 0.
2026-04-08 23:53:19,862 - optuna.study._optimize - INFO - Trial 30 pruned. Trial was pruned at iteration 5.
2026-04-08 23:53:20,269 - optuna.study.study - INFO - Trial 31 finished with value: 0.9992156862745099 and parameters: {'max_depth': 7, 'min_child_weight': 1, 'gamma': 1.0, 'lambda': 1.5, 'alpha': 0.2, 'learning_rate': 0.19952467476784014, 'subsample': 1.0, 'colsample_bytree': 1.0, 'n_estimators': 276}. Best is trial 2 with value: 0.9992156862745099.
2026-04-08 23:53:20,778 - optuna.study.study - INFO - Trial 32 finished with value: 0.9992156862745099 and parameters: {'max_depth': 8, 'min_child_weight': 1, 'gamma': 0.0, 'lambda': 1.5, 'alpha': 0.2, 'learning_rate': 0.19920017467921025, 'subsample': 1.0, 'colsample_bytree': 1.0, 'n_estimators': 287}. Best is trial 2 with value: 0.9992156862745099.
2026-04-08 23:53:20,907 - optuna.study._optimize - INFO - Trial 33 pruned. Trial was pruned at iteration 1.
2026-04-08 23:53:21,033 - optuna.study._optimize - INFO - Trial 34 pruned. Trial was pruned at iteration 1.
2026-04-08 23:53:21,187 - optuna.study._optimize - INFO - Trial 35 pruned. Trial was pruned at iteration 2.
2026-04-08 23:53:21,326 - optuna.study._optimize - INFO - Trial 36 pruned. Trial was pruned at iteration 1.
2026-04-08 23:53:21,468 - optuna.study._optimize - INFO - Trial 37 pruned. Trial was pruned at iteration 1.
2026-04-08 23:53:21,610 - optuna.study._optimize - INFO - Trial 38 pruned. Trial was pruned at iteration 0.
2026-04-08 23:53:21,753 - optuna.study._optimize - INFO - Trial 39 pruned. Trial was pruned at iteration 1.
2026-04-08 23:53:21,897 - optuna.study._optimize - INFO - Trial 40 pruned. Trial was pruned at iteration 0.
2026-04-08 23:53:22,251 - optuna.study.study - INFO - Trial 41 finished with value: 0.9992156862745099 and parameters: {'max_depth': 7, 'min_child_weight': 1, 'gamma': 1.0, 'lambda': 1.5, 'alpha': 0.2, 'learning_rate': 0.18879767072677278, 'subsample': 1.0, 'colsample_bytree': 1.0, 'n_estimators': 268}. Best is trial 2 with value: 0.9992156862745099.
2026-04-08 23:53:22,341 - optuna.study._optimize - WARNING - Trial 42 failed with parameters: {} because of the following error: KeyboardInterrupt().
Traceback (most recent call last):
  File "C:\Users\KANNAN\AppData\Local\Programs\Python\Python313\Lib\site-packages\optuna\study\_optimize.py", line 206, in _run_trial
    value_or_values = func(trial)
  File "C:\Users\KANNAN\.vscode\doc-gpt\diabetes\src\models\tune.py", line 56, in objective
    dval = DMatrix(X_val, label=y_val)
  File "C:\Users\KANNAN\AppData\Local\Programs\Python\Python313\Lib\site-packages\xgboost\core.py", line 729, in inner_f
    return func(**kwargs)
  File "C:\Users\KANNAN\AppData\Local\Programs\Python\Python313\Lib\site-packages\xgboost\core.py", line 885, in __init__
    handle, feature_names, feature_types = dispatch_data_backend(
                                           ~~~~~~~~~~~~~~~~~~~~~^
        data=data,
        ^^^^^^^^^^
    ...<5 lines>...
        data_split_mode=data_split_mode,
        ^^^^^^^^^^^^^^^^^^^^^^^^^^^^^^^^
    )
    ^
  File "C:\Users\KANNAN\AppData\Local\Programs\Python\Python313\Lib\site-packages\xgboost\data.py", line 1441, in dispatch_data_backend
    return _from_pandas_df(
        data=data,
    ...<5 lines>...
        data_split_mode=data_split_mode,
    )
  File "C:\Users\KANNAN\AppData\Local\Programs\Python\Python313\Lib\site-packages\xgboost\data.py", line 681, in _from_pandas_df
    df.array_interface(),
    ~~~~~~~~~~~~~~~~~~^^
  File "C:\Users\KANNAN\AppData\Local\Programs\Python\Python313\Lib\site-packages\xgboost\data.py", line 621, in array_interface
    sarrays = bytes(json.dumps(aitfs), "utf-8")
                    ~~~~~~~~~~^^^^^^^
  File "C:\Users\KANNAN\AppData\Local\Programs\Python\Python313\Lib\json\__init__.py", line 231, in dumps
    return _default_encoder.encode(obj)
           ~~~~~~~~~~~~~~~~~~~~~~~^^^^^
  File "C:\Users\KANNAN\AppData\Local\Programs\Python\Python313\Lib\json\encoder.py", line 200, in encode
    chunks = self.iterencode(o, _one_shot=True)
  File "C:\Users\KANNAN\AppData\Local\Programs\Python\Python313\Lib\json\encoder.py", line 261, in iterencode
    return _iterencode(o, 0)
KeyboardInterrupt
2026-04-08 23:53:22,638 - optuna.study._optimize - WARNING - Trial 42 failed with value None.
