2026-04-20 16:29:07,939 - optuna.storages._in_memory - INFO - A new study created in memory with name: no-name-4579d008-fc53-4ea2-893b-3f210420fd4f
2026-04-20 16:35:58,980 - optuna.study.study - INFO - Trial 0 finished with value: 0.13836408520702764 and parameters: {'n_estimators': 500, 'max_depth': 7, 'learning_rate': 0.05395030966670229, 'min_child_samples': 14, 'subsample': 0.6624074561769746, 'colsample_bytree': 0.662397808134481, 'reg_alpha': 0.02904180608409973, 'reg_lambda': 4.46470458309974, 'scale_pos_weight': 24.01672517614813, 'num_leaves': 112, 'min_split_gain': 0.020584494295802447, 'subsample_freq': 10, 'step': 9, 'min_features_to_select': 8, 'C': 0.02310201887845294, 'max_iter': 775, 'tol': 8.17949947521167e-05, 'fit_intercept': True, 'warm_start': False}. Best is trial 0 with value: 0.13836408520702764.
2026-04-20 16:47:36,736 - optuna.study.study - INFO - Trial 1 finished with value: 0.14212550932412357 and parameters: {'n_estimators': 311, 'max_depth': 4, 'learning_rate': 0.023246728489504348, 'min_child_samples': 12, 'subsample': 0.9140703845572055, 'colsample_bytree': 0.6798695128633439, 'reg_alpha': 0.2571172192068058, 'reg_lambda': 3.36965827544817, 'scale_pos_weight': 15.696756190799967, 'num_leaves': 99, 'min_split_gain': 0.17052412368729153, 'subsample_freq': 1, 'step': 10, 'min_features_to_select': 20, 'C': 0.4138040112561014, 'max_iter': 957, 'tol': 1.9634341572933304e-05, 'fit_intercept': True, 'warm_start': False}. Best is trial 1 with value: 0.14212550932412357.
2026-04-20 16:54:19,424 - optuna.study.study - INFO - Trial 2 finished with value: 0.13907203009369842 and parameters: {'n_estimators': 227, 'max_depth': 7, 'learning_rate': 0.01814596135349025, 'min_child_samples': 15, 'subsample': 0.7246844304357644, 'colsample_bytree': 0.8080272084711243, 'reg_alpha': 0.2733551396716398, 'reg_lambda': 1.7394178221021082, 'scale_pos_weight': 29.54376941646838, 'num_leaves': 121, 'min_split_gain': 0.9394989415641891, 'subsample_freq': 9, 'step': 6, 'min_features_to_select': 19, 'C': 0.015030900645056829, 'max_iter': 794, 'tol': 1.3667272915456215e-05, 'fit_intercept': False, 'warm_start': False}. Best is trial 1 with value: 0.14212550932412357.
2026-04-20 17:00:37,157 - optuna.study.study - INFO - Trial 3 finished with value: 0.13000225386585496 and parameters: {'n_estimators': 485, 'max_depth': 4, 'learning_rate': 0.03488960745139221, 'min_child_samples': 7, 'subsample': 0.9208787923016158, 'colsample_bytree': 0.6298202574719083, 'reg_alpha': 0.49344346830025865, 'reg_lambda': 4.08897907718663, 'scale_pos_weight': 17.980735223012587, 'num_leaves': 20, 'min_split_gain': 0.8154614284548342, 'subsample_freq': 8, 'step': 8, 'min_features_to_select': 17, 'C': 0.014063366777718174, 'max_iter': 1038, 'tol': 2.2264204303769678e-05, 'fit_intercept': True, 'warm_start': True}. Best is trial 1 with value: 0.14212550932412357.
2026-04-20 17:07:21,948 - optuna.study.study - INFO - Trial 4 finished with value: 0.13767069220410252 and parameters: {'n_estimators': 449, 'max_depth': 4, 'learning_rate': 0.053654503243520245, 'min_child_samples': 15, 'subsample': 0.9548850970305306, 'colsample_bytree': 0.7888859700647797, 'reg_alpha': 0.05979712296915085, 'reg_lambda': 3.85297914889198, 'scale_pos_weight': 26.411775729253463, 'num_leaves': 93, 'min_split_gain': 0.770967179954561, 'subsample_freq': 5, 'step': 6, 'min_features_to_select': 11, 'C': 0.011241862095793064, 'max_iter': 661, 'tol': 1.2424747083660186e-05, 'fit_intercept': True, 'warm_start': False}. Best is trial 1 with value: 0.14212550932412357.
2026-04-20 17:19:27,634 - optuna.study._optimize - INFO - Trial 5 pruned. 
