2026-04-19 12:44:18,174 - optuna.storages._in_memory - INFO - A new study created in memory with name: no-name-9b253830-4d10-4482-a8c5-d2e421159a4f
2026-04-19 12:50:42,183 - optuna.study.study - INFO - Trial 0 finished with value: 0.13836408520702764 and parameters: {'n_estimators': 500, 'max_depth': 7, 'learning_rate': 0.05395030966670229, 'min_child_samples': 14, 'subsample': 0.6624074561769746, 'colsample_bytree': 0.662397808134481, 'reg_alpha': 0.02904180608409973, 'reg_lambda': 4.46470458309974, 'scale_pos_weight': 24.01672517614813, 'num_leaves': 112, 'min_split_gain': 0.020584494295802447, 'subsample_freq': 10, 'step': 9, 'min_features_to_select': 8, 'C': 0.02310201887845294, 'max_iter': 775, 'tol': 8.17949947521167e-05, 'fit_intercept': True, 'warm_start': False}. Best is trial 0 with value: 0.13836408520702764.
2026-04-19 13:01:20,430 - optuna.study.study - INFO - Trial 1 finished with value: 0.14212550932412357 and parameters: {'n_estimators': 311, 'max_depth': 4, 'learning_rate': 0.023246728489504348, 'min_child_samples': 12, 'subsample': 0.9140703845572055, 'colsample_bytree': 0.6798695128633439, 'reg_alpha': 0.2571172192068058, 'reg_lambda': 3.36965827544817, 'scale_pos_weight': 15.696756190799967, 'num_leaves': 99, 'min_split_gain': 0.17052412368729153, 'subsample_freq': 1, 'step': 10, 'min_features_to_select': 20, 'C': 0.4138040112561014, 'max_iter': 957, 'tol': 1.9634341572933304e-05, 'fit_intercept': True, 'warm_start': False}. Best is trial 1 with value: 0.14212550932412357.
2026-04-19 13:08:01,539 - optuna.study.study - INFO - Trial 2 finished with value: 0.13907203009369842 and parameters: {'n_estimators': 227, 'max_depth': 7, 'learning_rate': 0.01814596135349025, 'min_child_samples': 15, 'subsample': 0.7246844304357644, 'colsample_bytree': 0.8080272084711243, 'reg_alpha': 0.2733551396716398, 'reg_lambda': 1.7394178221021082, 'scale_pos_weight': 29.54376941646838, 'num_leaves': 121, 'min_split_gain': 0.9394989415641891, 'subsample_freq': 9, 'step': 6, 'min_features_to_select': 19, 'C': 0.015030900645056829, 'max_iter': 794, 'tol': 1.3667272915456215e-05, 'fit_intercept': False, 'warm_start': False}. Best is trial 1 with value: 0.14212550932412357.
2026-04-19 14:54:38,605 - optuna.study.study - INFO - Trial 3 finished with value: 0.13000225386585496 and parameters: {'n_estimators': 485, 'max_depth': 4, 'learning_rate': 0.03488960745139221, 'min_child_samples': 7, 'subsample': 0.9208787923016158, 'colsample_bytree': 0.6298202574719083, 'reg_alpha': 0.49344346830025865, 'reg_lambda': 4.08897907718663, 'scale_pos_weight': 17.980735223012587, 'num_leaves': 20, 'min_split_gain': 0.8154614284548342, 'subsample_freq': 8, 'step': 8, 'min_features_to_select': 17, 'C': 0.014063366777718174, 'max_iter': 1038, 'tol': 2.2264204303769678e-05, 'fit_intercept': True, 'warm_start': True}. Best is trial 1 with value: 0.14212550932412357.
2026-04-19 15:03:13,673 - optuna.study.study - INFO - Trial 4 finished with value: 0.13767069220410252 and parameters: {'n_estimators': 449, 'max_depth': 4, 'learning_rate': 0.053654503243520245, 'min_child_samples': 15, 'subsample': 0.9548850970305306, 'colsample_bytree': 0.7888859700647797, 'reg_alpha': 0.05979712296915085, 'reg_lambda': 3.85297914889198, 'scale_pos_weight': 26.411775729253463, 'num_leaves': 93, 'min_split_gain': 0.770967179954561, 'subsample_freq': 5, 'step': 6, 'min_features_to_select': 11, 'C': 0.011241862095793064, 'max_iter': 661, 'tol': 1.2424747083660186e-05, 'fit_intercept': True, 'warm_start': False}. Best is trial 1 with value: 0.14212550932412357.
2026-04-19 15:14:00,580 - optuna.study._optimize - INFO - Trial 5 pruned. 
2026-04-19 15:29:24,818 - optuna.study._optimize - INFO - Trial 6 pruned. 
2026-04-19 15:34:52,590 - optuna.study.study - INFO - Trial 7 finished with value: 0.14163156359146947 and parameters: {'n_estimators': 602, 'max_depth': 3, 'learning_rate': 0.018995313441382815, 'min_child_samples': 19, 'subsample': 0.695824756266789, 'colsample_bytree': 0.6579579488364892, 'reg_alpha': 0.2447263801387815, 'reg_lambda': 4.942601816442403, 'scale_pos_weight': 18.630829072672505, 'num_leaves': 108, 'min_split_gain': 0.7616196153287176, 'subsample_freq': 3, 'step': 8, 'min_features_to_select': 10, 'C': 0.1839126749828901, 'max_iter': 1450, 'tol': 0.00040487788181534096, 'fit_intercept': False, 'warm_start': True}. Best is trial 1 with value: 0.14212550932412357.
2026-04-19 15:51:42,579 - optuna.study.study - INFO - Trial 8 finished with value: 0.14378047509555586 and parameters: {'n_estimators': 232, 'max_depth': 5, 'learning_rate': 0.04759533213871805, 'min_child_samples': 5, 'subsample': 0.8048372233197124, 'colsample_bytree': 0.6905983100791752, 'reg_alpha': 0.32258639520472493, 'reg_lambda': 1.6974657160199658, 'scale_pos_weight': 25.36406607153699, 'num_leaves': 70, 'min_split_gain': 0.9367299887367345, 'subsample_freq': 2, 'step': 4, 'min_features_to_select': 6, 'C': 0.7069476197217992, 'max_iter': 1816, 'tol': 5.940525755701928e-05, 'fit_intercept': False, 'warm_start': True}. Best is trial 8 with value: 0.14378047509555586.
