2026-04-10 00:00:12,885 - optuna.storages._in_memory - INFO - A new study created in memory with name: xgb_tuning
2026-04-10 00:00:13,312 - optuna.study.study - INFO - Trial 0 finished with value: 1.0 and parameters: {'max_depth': 5, 'min_child_weight': 3, 'gamma': 1.5, 'lambda': 1.5, 'alpha': 0.1, 'learning_rate': 0.06207090305742937, 'subsample': 0.7, 'colsample_bytree': 1.0, 'n_estimators': 220}. Best is trial 0 with value: 1.0.
2026-04-10 00:00:13,577 - optuna.study.study - INFO - Trial 1 finished with value: 0.9984313725490196 and parameters: {'max_depth': 7, 'min_child_weight': 1, 'gamma': 2.0, 'lambda': 2.0, 'alpha': 0.2, 'learning_rate': 0.06433385005697079, 'subsample': 0.7, 'colsample_bytree': 0.7999999999999999, 'n_estimators': 205}. Best is trial 0 with value: 1.0.
2026-04-10 00:00:13,801 - optuna.study.study - INFO - Trial 2 finished with value: 0.9992156862745099 and parameters: {'max_depth': 6, 'min_child_weight': 1, 'gamma': 1.5, 'lambda': 0.5, 'alpha': 0.30000000000000004, 'learning_rate': 0.08308867100591956, 'subsample': 0.7999999999999999, 'colsample_bytree': 1.0, 'n_estimators': 140}. Best is trial 0 with value: 1.0.
2026-04-10 00:00:14,177 - optuna.study.study - INFO - Trial 3 finished with value: 0.9992156862745099 and parameters: {'max_depth': 6, 'min_child_weight': 2, 'gamma': 0.0, 'lambda': 1.5, 'alpha': 0.1, 'learning_rate': 0.054718598564940636, 'subsample': 1.0, 'colsample_bytree': 1.0, 'n_estimators': 262}. Best is trial 0 with value: 1.0.
2026-04-10 00:00:14,418 - optuna.study.study - INFO - Trial 4 finished with value: 0.9992156862745099 and parameters: {'max_depth': 5, 'min_child_weight': 1, 'gamma': 1.5, 'lambda': 1.0, 'alpha': 0.1, 'learning_rate': 0.09933360807331099, 'subsample': 0.7, 'colsample_bytree': 1.0, 'n_estimators': 152}. Best is trial 0 with value: 1.0.
2026-04-10 00:00:14,703 - optuna.study._optimize - INFO - Trial 5 pruned. Trial was pruned at iteration 205.
2026-04-10 00:00:14,804 - optuna.study._optimize - INFO - Trial 6 pruned. Trial was pruned at iteration 0.
2026-04-10 00:00:14,914 - optuna.study._optimize - INFO - Trial 7 pruned. Trial was pruned at iteration 3.
2026-04-10 00:00:15,016 - optuna.study._optimize - INFO - Trial 8 pruned. Trial was pruned at iteration 0.
2026-04-10 00:00:15,363 - optuna.study.study - INFO - Trial 9 finished with value: 0.9992156862745099 and parameters: {'max_depth': 7, 'min_child_weight': 1, 'gamma': 0.0, 'lambda': 1.0, 'alpha': 0.30000000000000004, 'learning_rate': 0.13747910422651763, 'subsample': 0.8999999999999999, 'colsample_bytree': 1.0, 'n_estimators': 194}. Best is trial 0 with value: 1.0.
2026-04-10 00:00:15,505 - optuna.study._optimize - INFO - Trial 10 pruned. Trial was pruned at iteration 4.
2026-04-10 00:00:15,631 - optuna.study._optimize - INFO - Trial 11 pruned. Trial was pruned at iteration 3.
2026-04-10 00:00:15,753 - optuna.study._optimize - INFO - Trial 12 pruned. Trial was pruned at iteration 0.
2026-04-10 00:00:15,878 - optuna.study._optimize - INFO - Trial 13 pruned. Trial was pruned at iteration 0.
2026-04-10 00:00:16,001 - optuna.study._optimize - INFO - Trial 14 pruned. Trial was pruned at iteration 0.
2026-04-10 00:00:16,131 - optuna.study._optimize - INFO - Trial 15 pruned. Trial was pruned at iteration 3.
2026-04-10 00:00:16,258 - optuna.study._optimize - INFO - Trial 16 pruned. Trial was pruned at iteration 0.
2026-04-10 00:00:16,386 - optuna.study._optimize - INFO - Trial 17 pruned. Trial was pruned at iteration 3.
2026-04-10 00:00:16,508 - optuna.study._optimize - INFO - Trial 18 pruned. Trial was pruned at iteration 0.
2026-04-10 00:00:16,634 - optuna.study._optimize - INFO - Trial 19 pruned. Trial was pruned at iteration 1.
2026-04-10 00:00:16,760 - optuna.study._optimize - INFO - Trial 20 pruned. Trial was pruned at iteration 3.
2026-04-10 00:00:16,885 - optuna.study._optimize - INFO - Trial 21 pruned. Trial was pruned at iteration 1.
2026-04-10 00:00:17,016 - optuna.study._optimize - INFO - Trial 22 pruned. Trial was pruned at iteration 5.
2026-04-10 00:00:17,147 - optuna.study._optimize - INFO - Trial 23 pruned. Trial was pruned at iteration 3.
2026-04-10 00:00:17,300 - optuna.study._optimize - INFO - Trial 24 pruned. Trial was pruned at iteration 0.
2026-04-10 00:00:17,456 - optuna.study._optimize - INFO - Trial 25 pruned. Trial was pruned at iteration 3.
2026-04-10 00:00:17,581 - optuna.study._optimize - INFO - Trial 26 pruned. Trial was pruned at iteration 0.
2026-04-10 00:00:17,710 - optuna.study._optimize - INFO - Trial 27 pruned. Trial was pruned at iteration 3.
2026-04-10 00:00:17,836 - optuna.study._optimize - INFO - Trial 28 pruned. Trial was pruned at iteration 0.
2026-04-10 00:00:17,962 - optuna.study._optimize - INFO - Trial 29 pruned. Trial was pruned at iteration 0.
2026-04-10 00:00:18,093 - optuna.study._optimize - INFO - Trial 30 pruned. Trial was pruned at iteration 4.
2026-04-10 00:00:18,248 - optuna.study._optimize - INFO - Trial 31 pruned. Trial was pruned at iteration 21.
2026-04-10 00:00:18,398 - optuna.study._optimize - INFO - Trial 32 pruned. Trial was pruned at iteration 21.
2026-04-10 00:00:18,528 - optuna.study._optimize - INFO - Trial 33 pruned. Trial was pruned at iteration 4.
2026-04-10 00:00:18,777 - optuna.study.study - INFO - Trial 34 finished with value: 0.9992156862745099 and parameters: {'max_depth': 6, 'min_child_weight': 1, 'gamma': 1.0, 'lambda': 0.5, 'alpha': 0.0, 'learning_rate': 0.14819889315739299, 'subsample': 0.7999999999999999, 'colsample_bytree': 1.0, 'n_estimators': 128}. Best is trial 0 with value: 1.0.
2026-04-10 00:00:18,900 - optuna.study._optimize - INFO - Trial 35 pruned. Trial was pruned at iteration 3.
2026-04-10 00:00:19,019 - optuna.study._optimize - INFO - Trial 36 pruned. Trial was pruned at iteration 1.
2026-04-10 00:00:19,154 - optuna.study._optimize - INFO - Trial 37 pruned. Trial was pruned at iteration 15.
2026-04-10 00:00:19,266 - optuna.study._optimize - INFO - Trial 38 pruned. Trial was pruned at iteration 0.
2026-04-10 00:00:19,381 - optuna.study._optimize - INFO - Trial 39 pruned. Trial was pruned at iteration 1.
2026-04-10 00:00:19,494 - optuna.study._optimize - INFO - Trial 40 pruned. Trial was pruned at iteration 0.
2026-04-10 00:00:19,800 - optuna.study.study - INFO - Trial 41 finished with value: 0.9992156862745099 and parameters: {'max_depth': 8, 'min_child_weight': 1, 'gamma': 0.0, 'lambda': 1.0, 'alpha': 0.5, 'learning_rate': 0.14974457373845496, 'subsample': 0.8999999999999999, 'colsample_bytree': 1.0, 'n_estimators': 193}. Best is trial 0 with value: 1.0.
2026-04-10 00:00:20,046 - optuna.study.study - INFO - Trial 42 finished with value: 0.9992156862745099 and parameters: {'max_depth': 7, 'min_child_weight': 1, 'gamma': 0.0, 'lambda': 1.0, 'alpha': 0.6000000000000001, 'learning_rate': 0.14313909898225827, 'subsample': 1.0, 'colsample_bytree': 1.0, 'n_estimators': 142}. Best is trial 0 with value: 1.0.
2026-04-10 00:00:20,339 - optuna.study.study - INFO - Trial 43 finished with value: 0.9992156862745099 and parameters: {'max_depth': 7, 'min_child_weight': 1, 'gamma': 0.0, 'lambda': 0.5, 'alpha': 1.0, 'learning_rate': 0.16126407501823034, 'subsample': 0.8999999999999999, 'colsample_bytree': 1.0, 'n_estimators': 203}. Best is trial 0 with value: 1.0.
2026-04-10 00:00:20,455 - optuna.study._optimize - INFO - Trial 44 pruned. Trial was pruned at iteration 1.
2026-04-10 00:00:20,570 - optuna.study._optimize - INFO - Trial 45 pruned. Trial was pruned at iteration 1.
2026-04-10 00:00:20,692 - optuna.study._optimize - INFO - Trial 46 pruned. Trial was pruned at iteration 6.
2026-04-10 00:00:20,809 - optuna.study._optimize - INFO - Trial 47 pruned. Trial was pruned at iteration 1.
2026-04-10 00:00:20,925 - optuna.study._optimize - INFO - Trial 48 pruned. Trial was pruned at iteration 0.
2026-04-10 00:00:21,042 - optuna.study._optimize - INFO - Trial 49 pruned. Trial was pruned at iteration 1.
