2026-04-10 00:46:36,659 - optuna.storages._in_memory - INFO - A new study created in memory with name: xgb_tuning
2026-04-10 00:46:36,895 - optuna.study.study - INFO - Trial 0 finished with value: 0.9925595238095238 and parameters: {'max_depth': 5, 'min_child_weight': 3, 'gamma': 1.5, 'lambda': 1.5, 'alpha': 0.1, 'learning_rate': 0.06207090305742937, 'subsample': 0.7, 'colsample_bytree': 1.0, 'n_estimators': 220}. Best is trial 0 with value: 0.9925595238095238.
2026-04-10 00:46:37,240 - optuna.study.study - INFO - Trial 1 finished with value: 0.9888392857142857 and parameters: {'max_depth': 7, 'min_child_weight': 1, 'gamma': 2.0, 'lambda': 2.0, 'alpha': 0.2, 'learning_rate': 0.06433385005697079, 'subsample': 0.7, 'colsample_bytree': 0.7999999999999999, 'n_estimators': 205}. Best is trial 0 with value: 0.9925595238095238.
2026-04-10 00:46:37,458 - optuna.study.study - INFO - Trial 2 finished with value: 0.9955357142857143 and parameters: {'max_depth': 6, 'min_child_weight': 1, 'gamma': 1.5, 'lambda': 0.5, 'alpha': 0.30000000000000004, 'learning_rate': 0.08308867100591956, 'subsample': 0.7999999999999999, 'colsample_bytree': 1.0, 'n_estimators': 140}. Best is trial 2 with value: 0.9955357142857143.
2026-04-10 00:46:37,793 - optuna.study.study - INFO - Trial 3 finished with value: 0.9992559523809523 and parameters: {'max_depth': 6, 'min_child_weight': 2, 'gamma': 0.0, 'lambda': 1.5, 'alpha': 0.1, 'learning_rate': 0.054718598564940636, 'subsample': 1.0, 'colsample_bytree': 1.0, 'n_estimators': 262}. Best is trial 3 with value: 0.9992559523809523.
2026-04-10 00:46:38,001 - optuna.study.study - INFO - Trial 4 finished with value: 0.9947916666666666 and parameters: {'max_depth': 5, 'min_child_weight': 1, 'gamma': 1.5, 'lambda': 1.0, 'alpha': 0.1, 'learning_rate': 0.09933360807331099, 'subsample': 0.7, 'colsample_bytree': 1.0, 'n_estimators': 152}. Best is trial 3 with value: 0.9992559523809523.
2026-04-10 00:46:38,109 - optuna.study._optimize - INFO - Trial 5 pruned. Trial was pruned at iteration 2.
2026-04-10 00:46:38,214 - optuna.study._optimize - INFO - Trial 6 pruned. Trial was pruned at iteration 0.
2026-04-10 00:46:38,322 - optuna.study._optimize - INFO - Trial 7 pruned. Trial was pruned at iteration 1.
2026-04-10 00:46:38,422 - optuna.study._optimize - INFO - Trial 8 pruned. Trial was pruned at iteration 0.
2026-04-10 00:46:38,776 - optuna.study.study - INFO - Trial 9 finished with value: 0.9992559523809523 and parameters: {'max_depth': 7, 'min_child_weight': 1, 'gamma': 0.0, 'lambda': 1.0, 'alpha': 0.30000000000000004, 'learning_rate': 0.13747910422651763, 'subsample': 0.8999999999999999, 'colsample_bytree': 1.0, 'n_estimators': 194}. Best is trial 3 with value: 0.9992559523809523.
2026-04-10 00:46:38,923 - optuna.study._optimize - INFO - Trial 10 pruned. Trial was pruned at iteration 0.
2026-04-10 00:46:39,064 - optuna.study._optimize - INFO - Trial 11 pruned. Trial was pruned at iteration 0.
2026-04-10 00:46:39,194 - optuna.study._optimize - INFO - Trial 12 pruned. Trial was pruned at iteration 3.
2026-04-10 00:46:39,319 - optuna.study._optimize - INFO - Trial 13 pruned. Trial was pruned at iteration 0.
2026-04-10 00:46:39,442 - optuna.study._optimize - INFO - Trial 14 pruned. Trial was pruned at iteration 1.
2026-04-10 00:46:39,564 - optuna.study._optimize - INFO - Trial 15 pruned. Trial was pruned at iteration 0.
2026-04-10 00:46:39,687 - optuna.study._optimize - INFO - Trial 16 pruned. Trial was pruned at iteration 3.
2026-04-10 00:46:39,811 - optuna.study._optimize - INFO - Trial 17 pruned. Trial was pruned at iteration 0.
2026-04-10 00:46:39,936 - optuna.study._optimize - INFO - Trial 18 pruned. Trial was pruned at iteration 1.
2026-04-10 00:46:40,058 - optuna.study._optimize - INFO - Trial 19 pruned. Trial was pruned at iteration 0.
2026-04-10 00:46:40,182 - optuna.study._optimize - INFO - Trial 20 pruned. Trial was pruned at iteration 0.
2026-04-10 00:46:40,306 - optuna.study._optimize - INFO - Trial 21 pruned. Trial was pruned at iteration 1.
2026-04-10 00:46:40,432 - optuna.study._optimize - INFO - Trial 22 pruned. Trial was pruned at iteration 1.
2026-04-10 00:46:40,556 - optuna.study._optimize - INFO - Trial 23 pruned. Trial was pruned at iteration 1.
2026-04-10 00:46:40,827 - optuna.study.study - INFO - Trial 24 finished with value: 0.9947916666666667 and parameters: {'max_depth': 6, 'min_child_weight': 1, 'gamma': 2.0, 'lambda': 0.5, 'alpha': 0.2, 'learning_rate': 0.12022580740705771, 'subsample': 0.8999999999999999, 'colsample_bytree': 0.8999999999999999, 'n_estimators': 164}. Best is trial 3 with value: 0.9992559523809523.
2026-04-10 00:46:41,129 - optuna.study.study - INFO - Trial 25 finished with value: 0.9985119047619048 and parameters: {'max_depth': 5, 'min_child_weight': 1, 'gamma': 1.5, 'lambda': 1.0, 'alpha': 0.0, 'learning_rate': 0.15783061068742701, 'subsample': 0.7999999999999999, 'colsample_bytree': 1.0, 'n_estimators': 194}. Best is trial 3 with value: 0.9992559523809523.
2026-04-10 00:46:41,440 - optuna.study.study - INFO - Trial 26 finished with value: 0.9992559523809523 and parameters: {'max_depth': 5, 'min_child_weight': 1, 'gamma': 0.5, 'lambda': 1.0, 'alpha': 0.0, 'learning_rate': 0.15523061595773674, 'subsample': 0.8999999999999999, 'colsample_bytree': 0.8999999999999999, 'n_estimators': 193}. Best is trial 3 with value: 0.9992559523809523.
2026-04-10 00:46:41,562 - optuna.study._optimize - INFO - Trial 27 pruned. Trial was pruned at iteration 0.
2026-04-10 00:46:41,691 - optuna.study._optimize - INFO - Trial 28 pruned. Trial was pruned at iteration 1.
2026-04-10 00:46:41,814 - optuna.study._optimize - INFO - Trial 29 pruned. Trial was pruned at iteration 0.
2026-04-10 00:46:41,938 - optuna.study._optimize - INFO - Trial 30 pruned. Trial was pruned at iteration 0.
2026-04-10 00:46:42,062 - optuna.study._optimize - INFO - Trial 31 pruned. Trial was pruned at iteration 0.
2026-04-10 00:46:42,193 - optuna.study._optimize - INFO - Trial 32 pruned. Trial was pruned at iteration 1.
2026-04-10 00:46:42,322 - optuna.study._optimize - INFO - Trial 33 pruned. Trial was pruned at iteration 0.
2026-04-10 00:46:42,557 - optuna.study._optimize - INFO - Trial 34 pruned. Trial was pruned at iteration 152.
2026-04-10 00:46:42,685 - optuna.study._optimize - INFO - Trial 35 pruned. Trial was pruned at iteration 5.
2026-04-10 00:46:42,812 - optuna.study._optimize - INFO - Trial 36 pruned. Trial was pruned at iteration 0.
2026-04-10 00:46:42,945 - optuna.study._optimize - INFO - Trial 37 pruned. Trial was pruned at iteration 5.
2026-04-10 00:46:43,074 - optuna.study._optimize - INFO - Trial 38 pruned. Trial was pruned at iteration 1.
2026-04-10 00:46:43,194 - optuna.study._optimize - INFO - Trial 39 pruned. Trial was pruned at iteration 2.
2026-04-10 00:46:43,313 - optuna.study._optimize - INFO - Trial 40 pruned. Trial was pruned at iteration 1.
2026-04-10 00:46:43,433 - optuna.study._optimize - INFO - Trial 41 pruned. Trial was pruned at iteration 1.
2026-04-10 00:46:43,567 - optuna.study._optimize - INFO - Trial 42 pruned. Trial was pruned at iteration 1.
2026-04-10 00:46:43,695 - optuna.study._optimize - INFO - Trial 43 pruned. Trial was pruned at iteration 0.
2026-04-10 00:46:43,821 - optuna.study._optimize - INFO - Trial 44 pruned. Trial was pruned at iteration 0.
2026-04-10 00:46:43,945 - optuna.study._optimize - INFO - Trial 45 pruned. Trial was pruned at iteration 0.
2026-04-10 00:46:44,104 - optuna.study._optimize - INFO - Trial 46 pruned. Trial was pruned at iteration 5.
2026-04-10 00:46:44,241 - optuna.study._optimize - INFO - Trial 47 pruned. Trial was pruned at iteration 0.
2026-04-10 00:46:44,386 - optuna.study._optimize - INFO - Trial 48 pruned. Trial was pruned at iteration 2.
2026-04-10 00:46:44,508 - optuna.study._optimize - INFO - Trial 49 pruned. Trial was pruned at iteration 0.
